
2023-08-11 10:20:35,761	INFO	[V2Free]: 您似乎已经签到过了...
2023-08-12 09:14:25,315	INFO	[V2Free]: 获得了 462MB 流量.
2023-08-13 09:14:43,764	INFO	[V2Free]: 获得了 370MB 流量.
2023-08-14 09:16:43,761	INFO	[V2Free]: 获得了 485MB 流量.
2023-08-15 09:16:17,889	INFO	[V2Free]: 获得了 430MB 流量.
2023-08-17 09:16:13,689	INFO	[V2Free]: 获得了 401MB 流量.
2023-08-26 09:14:39,817	INFO	[V2Free]: 获得了 328MB 流量.
2023-08-27 09:15:03,510	INFO	[V2Free]: 获得了 322MB 流量.
2023-08-28 09:17:42,764	INFO	[V2Free]: 获得了 433MB 流量.
2023-08-29 09:17:05,342	INFO	[V2Free]: 获得了 394MB 流量.
2023-08-30 09:16:50,226	INFO	[V2Free]: 获得了 374MB 流量.
2023-08-31 09:17:11,731	INFO	[V2Free]: 获得了 362MB 流量.
2023-09-01 09:17:05,429	INFO	[V2Free]: 获得了 373MB 流量.
2023-09-02 09:14:50,551	INFO	[V2Free]: 获得了 421MB 流量.
2023-09-03 09:15:01,041	INFO	[V2Free]: 获得了 415MB 流量.
2023-09-04 09:17:37,214	INFO	[V2Free]: 获得了 377MB 流量.
2023-09-05 09:17:05,113	INFO	[V2Free]: 获得了 394MB 流量.
2023-09-06 09:17:10,438	INFO	[V2Free]: 获得了 417MB 流量.
2023-09-07 09:17:19,770	INFO	[V2Free]: 获得了 430MB 流量.
2023-09-08 09:16:45,226	INFO	[V2Free]: 获得了 325MB 流量.
2023-09-09 09:14:46,933	INFO	[V2Free]: 获得了 461MB 流量.
2023-09-10 09:15:17,253	INFO	[V2Free]: 获得了 304MB 流量.
2023-09-11 09:17:57,889	INFO	[V2Free]: 获得了 492MB 流量.
2023-09-12 09:17:31,348	INFO	[V2Free]: 获得了 459MB 流量.
2023-09-13 09:17:33,197	INFO	[V2Free]: 获得了 418MB 流量.
2023-09-14 09:17:27,645	INFO	[V2Free]: 获得了 395MB 流量.
2023-09-15 09:17:18,320	INFO	[V2Free]: 获得了 351MB 流量.
2023-09-16 09:16:13,192	INFO	[V2Free]: 获得了 496MB 流量.
2023-09-17 09:15:19,064	INFO	[V2Free]: 获得了 451MB 流量.
2023-10-07 09:15:13,273	INFO	[V2Free]: 获得了 463MB 流量.
2023-10-08 09:15:16,306	INFO	[V2Free]: 获得了 307MB 流量.
2023-10-09 09:18:55,870	INFO	[V2Free]: 获得了 354MB 流量.
2023-10-10 09:17:54,983	INFO	[V2Free]: 获得了 303MB 流量.
2023-10-12 09:17:59,506	INFO	[V2Free]: 获得了 320MB 流量.
2023-10-13 09:17:35,590	INFO	[V2Free]: 获得了 412MB 流量.
2023-10-14 09:15:14,230	INFO	[V2Free]: 获得了 303MB 流量.
2023-10-15 09:15:18,819	INFO	[V2Free]: 获得了 421MB 流量.
2023-10-16 09:18:46,542	INFO	[V2Free]: 获得了 497MB 流量.
2023-10-17 09:17:53,514	INFO	[V2Free]: 获得了 357MB 流量.
2023-10-18 09:17:56,362	INFO	[V2Free]: 获得了 369MB 流量.
2023-10-19 09:17:37,187	INFO	[V2Free]: 获得了 345MB 流量.
2023-10-20 09:17:13,177	INFO	[V2Free]: 获得了 439MB 流量.
2023-10-21 09:15:12,692	INFO	[V2Free]: 获得了 395MB 流量.
2023-10-22 09:15:19,862	INFO	[V2Free]: 获得了 434MB 流量.
2023-10-23 09:18:22,817	INFO	[V2Free]: 获得了 411MB 流量.
2023-10-24 09:18:08,977	INFO	[V2Free]: 获得了 303MB 流量.
2023-10-25 09:17:58,212	INFO	[V2Free]: 获得了 427MB 流量.
2023-10-26 09:17:23,116	INFO	[V2Free]: 获得了 370MB 流量.
2023-10-27 09:16:52,070	INFO	[V2Free]: 获得了 463MB 流量.
2023-10-28 09:15:27,493	INFO	[V2Free]: 获得了 478MB 流量.
2023-10-29 09:15:37,075	INFO	[V2Free]: 获得了 347MB 流量.
2023-10-30 09:17:40,842	INFO	[V2Free]: 获得了 456MB 流量.
2023-10-31 09:17:27,254	INFO	[V2Free]: 获得了 368MB 流量.
2023-11-01 09:17:32,832	INFO	[V2Free]: 获得了 464MB 流量.
2023-11-02 09:17:21,749	INFO	[V2Free]: 获得了 356MB 流量.
2023-11-03 09:17:29,759	INFO	[V2Free]: 获得了 431MB 流量.
2023-11-04 09:15:21,464	INFO	[V2Free]: 获得了 374MB 流量.
2023-11-05 09:15:34,109	INFO	[V2Free]: 获得了 421MB 流量.
2023-11-07 09:17:27,506	INFO	[V2Free]: 获得了 393MB 流量.
2023-11-08 09:17:26,361	INFO	[V2Free]: 获得了 324MB 流量.
2023-11-09 09:17:18,144	INFO	[V2Free]: 获得了 386MB 流量.
2023-11-10 09:17:13,734	INFO	[V2Free]: 获得了 440MB 流量.
2023-11-11 09:15:29,529	INFO	[V2Free]: 获得了 456MB 流量.
2023-11-12 09:15:29,383	INFO	[V2Free]: 获得了 382MB 流量.
2023-11-13 09:18:35,627	INFO	[V2Free]: 获得了 464MB 流量.
2023-11-14 09:17:48,091	INFO	[V2Free]: 获得了 486MB 流量.
2023-11-15 09:19:02,934	INFO	[V2Free]: 获得了 378MB 流量.
2023-11-16 09:18:08,151	INFO	[V2Free]: 获得了 483MB 流量.
2023-11-17 09:18:07,333	INFO	[V2Free]: 获得了 370MB 流量.
2023-11-18 09:15:57,445	INFO	[V2Free]: 获得了 480MB 流量.
2023-11-19 09:16:08,013	INFO	[V2Free]: 获得了 465MB 流量.
2023-11-20 09:19:15,245	INFO	[V2Free]: 获得了 412MB 流量.
2023-11-21 09:18:43,692	INFO	[V2Free]: 获得了 314MB 流量.
2023-11-22 09:18:43,451	INFO	[V2Free]: 获得了 345MB 流量.
2023-11-23 09:17:57,396	INFO	[V2Free]: 获得了 496MB 流量.
2023-11-24 09:17:59,178	INFO	[V2Free]: 获得了 317MB 流量.
2023-11-25 09:15:55,035	INFO	[V2Free]: 获得了 362MB 流量.
2023-11-26 09:15:57,750	INFO	[V2Free]: 获得了 350MB 流量.
2023-11-27 09:19:02,442	INFO	[V2Free]: 获得了 323MB 流量.
2023-11-28 09:18:23,254	INFO	[V2Free]: 获得了 377MB 流量.
2023-11-29 09:18:12,836	INFO	[V2Free]: 获得了 326MB 流量.
2023-11-30 09:17:46,565	INFO	[V2Free]: 获得了 415MB 流量.
2023-12-01 09:18:14,254	INFO	[V2Free]: 获得了 303MB 流量.
2023-12-02 09:16:19,769	INFO	[V2Free]: 获得了 339MB 流量.
2023-12-03 09:15:55,426	INFO	[V2Free]: 获得了 406MB 流量.
2023-12-04 09:19:28,054	INFO	[V2Free]: 获得了 403MB 流量.
2023-12-05 09:18:45,262	INFO	[V2Free]: 获得了 500MB 流量.
2023-12-06 09:18:08,849	INFO	[V2Free]: 获得了 312MB 流量.
2023-12-07 09:18:11,915	INFO	[V2Free]: 获得了 350MB 流量.
2023-12-08 09:18:01,720	INFO	[V2Free]: 获得了 344MB 流量.
2023-12-09 09:16:05,484	INFO	[V2Free]: 获得了 424MB 流量.
2023-12-10 09:16:03,637	INFO	[V2Free]: 获得了 447MB 流量.
2023-12-11 09:19:46,346	INFO	[V2Free]: 获得了 428MB 流量.
2023-12-12 09:18:28,508	INFO	[V2Free]: 获得了 498MB 流量.
2023-12-13 09:18:27,772	INFO	[V2Free]: 获得了 460MB 流量.
2023-12-14 09:18:05,143	INFO	[V2Free]: 获得了 452MB 流量.
2023-12-15 09:18:21,615	INFO	[V2Free]: 获得了 486MB 流量.
2023-12-16 09:16:28,277	INFO	[V2Free]: 获得了 493MB 流量.
2023-12-17 09:16:42,383	INFO	[V2Free]: 获得了 352MB 流量.
2023-12-18 09:19:17,865	INFO	[V2Free]: 获得了 384MB 流量.
2023-12-19 09:18:15,559	INFO	[V2Free]: 获得了 323MB 流量.
2023-12-20 09:14:43,588	INFO	[V2Free]: 获得了 426MB 流量.
2023-12-21 09:17:45,701	INFO	[V2Free]: 获得了 353MB 流量.
2023-12-22 09:17:47,297	INFO	[V2Free]: 获得了 367MB 流量.
2023-12-23 09:16:13,292	INFO	[V2Free]: 获得了 385MB 流量.
2023-12-24 09:17:02,336	INFO	[V2Free]: 获得了 418MB 流量.
2023-12-25 09:18:11,634	INFO	[V2Free]: 获得了 341MB 流量.
2023-12-26 09:17:29,117	INFO	[V2Free]: 系统无法接受您的验证结果，请完成非机器人验证。
2023-12-27 09:17:18,280	INFO	[V2Free]: 系统无法接受您的验证结果，请完成非机器人验证。
2023-12-28 09:17:42,449	INFO	[V2Free]: 系统无法接受您的验证结果，请完成非机器人验证。
2023-12-29 09:17:44,707	INFO	[V2Free]: 系统无法接受您的验证结果，请完成非机器人验证。
2023-12-30 09:16:10,587	INFO	[V2Free]: 系统无法接受您的验证结果，请完成非机器人验证。
2023-12-31 09:16:21,204	INFO	[V2Free]: 系统无法接受您的验证结果，请完成非机器人验证。
2024-01-01 09:18:31,957	INFO	[V2Free]: 系统无法接受您的验证结果，请完成非机器人验证。
2024-01-02 09:17:44,505	INFO	[V2Free]: 系统无法接受您的验证结果，请完成非机器人验证。
2024-01-03 09:18:51,348	INFO	[V2Free]: 系统无法接受您的验证结果，请完成非机器人验证。
2024-01-04 09:18:15,144	INFO	[V2Free]: 系统无法接受您的验证结果，请完成非机器人验证。
2024-01-05 09:17:55,093	INFO	[V2Free]: 系统无法接受您的验证结果，请完成非机器人验证。
2024-01-07 09:16:38,572	INFO	[V2Free]: 系统无法接受您的验证结果，请完成非机器人验证。
2024-01-08 09:18:58,239	INFO	[V2Free]: 系统无法接受您的验证结果，请完成非机器人验证。
2024-01-09 09:18:19,003	INFO	[V2Free]: 系统无法接受您的验证结果，请完成非机器人验证。
2024-01-10 09:18:15,836	INFO	[V2Free]: 系统无法接受您的验证结果，请完成非机器人验证。
2024-01-11 09:18:31,608	INFO	[V2Free]: 系统无法接受您的验证结果，请完成非机器人验证。
2024-01-12 09:18:47,697	INFO	[V2Free]: 系统无法接受您的验证结果，请完成非机器人验证。
2024-01-13 09:16:42,350	INFO	[V2Free]: 系统无法接受您的验证结果，请完成非机器人验证。
2024-01-14 09:16:57,105	INFO	[V2Free]: 系统无法接受您的验证结果，请完成非机器人验证。
2024-01-15 09:19:42,577	INFO	[V2Free]: 系统无法接受您的验证结果，请完成非机器人验证。
2024-01-16 09:18:24,172	INFO	[V2Free]: 系统无法接受您的验证结果，请完成非机器人验证。
2024-01-17 09:19:04,239	INFO	[V2Free]: 系统无法接受您的验证结果，请完成非机器人验证。
2024-01-18 09:18:49,156	INFO	[V2Free]: 系统无法接受您的验证结果，请完成非机器人验证。
2024-01-20 09:16:47,734	INFO	[V2Free]: 系统无法接受您的验证结果，请完成非机器人验证。
2024-01-21 09:16:55,929	INFO	[V2Free]: 系统无法接受您的验证结果，请完成非机器人验证。
2024-01-22 09:19:59,265	INFO	[V2Free]: 系统无法接受您的验证结果，请完成非机器人验证。
2024-01-24 09:18:46,264	INFO	[V2Free]: 系统无法接受您的验证结果，请完成非机器人验证。
2024-01-25 09:18:44,631	INFO	[V2Free]: 系统无法接受您的验证结果，请完成非机器人验证。
2024-01-26 09:18:16,675	INFO	[V2Free]: 系统无法接受您的验证结果，请完成非机器人验证。
2024-01-27 09:15:11,956	INFO	[V2Free]: 系统无法接受您的验证结果，请完成非机器人验证。
2024-01-28 09:16:54,301	INFO	[V2Free]: 系统无法接受您的验证结果，请完成非机器人验证。
2024-01-29 09:17:36,263	INFO	[V2Free]: 系统无法接受您的验证结果，请完成非机器人验证。
2024-01-30 09:18:01,594	INFO	[V2Free]: 系统无法接受您的验证结果，请完成非机器人验证。
2024-02-01 09:18:14,151	INFO	[V2Free]: 系统无法接受您的验证结果，请完成非机器人验证。
2024-02-02 09:18:03,475	INFO	[V2Free]: 系统无法接受您的验证结果，请完成非机器人验证。
2024-02-03 09:17:05,730	INFO	[V2Free]: 系统无法接受您的验证结果，请完成非机器人验证。
2024-02-04 09:16:14,763	INFO	[V2Free]: 系统无法接受您的验证结果，请完成非机器人验证。
2024-02-05 09:17:51,100	INFO	[V2Free]: 系统无法接受您的验证结果，请完成非机器人验证。
2024-02-06 09:17:34,153	INFO	[V2Free]: 系统无法接受您的验证结果，请完成非机器人验证。
2024-02-07 09:17:42,857	INFO	[V2Free]: 系统无法接受您的验证结果，请完成非机器人验证。
2024-02-08 09:17:34,333	INFO	[V2Free]: 系统无法接受您的验证结果，请完成非机器人验证。
2024-02-09 09:17:41,916	INFO	[V2Free]: 系统无法接受您的验证结果，请完成非机器人验证。
2024-02-10 09:16:11,888	INFO	[V2Free]: 系统无法接受您的验证结果，请完成非机器人验证。
2024-02-11 09:15:34,253	INFO	[V2Free]: 系统无法接受您的验证结果，请完成非机器人验证。
2024-02-12 09:18:27,544	INFO	[V2Free]: 系统无法接受您的验证结果，请完成非机器人验证。
2024-02-13 09:17:11,699	INFO	[V2Free]: 系统无法接受您的验证结果，请完成非机器人验证。
2024-02-14 09:17:47,340	INFO	[V2Free]: 系统无法接受您的验证结果，请完成非机器人验证。
2024-02-15 09:20:03,453	INFO	[V2Free]: 系统无法接受您的验证结果，请完成非机器人验证。
2024-02-16 09:16:55,779	INFO	[V2Free]: 系统无法接受您的验证结果，请完成非机器人验证。
2024-02-17 09:15:49,076	INFO	[V2Free]: 系统无法接受您的验证结果，请完成非机器人验证。
2024-02-18 09:16:46,929	INFO	[V2Free]: 系统无法接受您的验证结果，请完成非机器人验证。
2024-02-19 09:18:00,864	INFO	[V2Free]: 系统无法接受您的验证结果，请完成非机器人验证。
2024-02-20 09:17:23,774	INFO	[V2Free]: 系统无法接受您的验证结果，请完成非机器人验证。
2024-02-21 09:19:44,203	INFO	[V2Free]: 系统无法接受您的验证结果，请完成非机器人验证。
2024-02-22 09:18:13,775	INFO	[V2Free]: 系统无法接受您的验证结果，请完成非机器人验证。
2024-02-23 09:16:43,811	INFO	[V2Free]: 系统无法接受您的验证结果，请完成非机器人验证。
2024-02-24 09:15:14,201	INFO	[V2Free]: 系统无法接受您的验证结果，请完成非机器人验证。
2024-02-25 09:15:13,228	INFO	[V2Free]: 系统无法接受您的验证结果，请完成非机器人验证。如果看不到非机器人验证按钮，请先翻墙再刷新页面。
2024-02-26 09:18:40,714	INFO	[V2Free]: 系统无法接受您的验证结果，请完成非机器人验证。如果看不到非机器人验证按钮，请先翻墙再刷新页面。
2024-02-27 09:18:01,512	INFO	[V2Free]: 系统无法接受您的验证结果，请完成非机器人验证。如果看不到非机器人验证按钮，请先翻墙再刷新页面。
2024-02-28 09:17:18,637	INFO	[V2Free]: 系统无法接受您的验证结果，请完成非机器人验证。如果看不到非机器人验证按钮，请先翻墙再刷新页面。
2024-02-29 09:18:09,803	INFO	[V2Free]: 系统无法接受您的验证结果，请完成非机器人验证。如果看不到非机器人验证按钮，请先翻墙再刷新页面。
2024-03-01 09:20:24,369	INFO	[V2Free]: 系统无法接受您的验证结果，请完成非机器人验证。如果看不到非机器人验证按钮，请先翻墙再刷新页面。
2024-03-02 09:15:18,280	INFO	[V2Free]: 系统无法接受您的验证结果，请完成非机器人验证。如果看不到非机器人验证按钮，请先翻墙再刷新页面。
2024-03-03 09:16:55,275	INFO	[V2Free]: 系统无法接受您的验证结果，请完成非机器人验证。如果看不到非机器人验证按钮，请先翻墙再刷新页面。
2024-03-04 11:09:35,778	INFO	[V2Free]: 系统无法接受您的验证结果，请完成非机器人验证。如果看不到非机器人验证按钮，请先翻墙再刷新页面。
2024-03-05 09:17:14,627	INFO	[V2Free]: 系统无法接受您的验证结果，请完成非机器人验证。如果看不到非机器人验证按钮，请先翻墙再刷新页面。
2024-03-06 09:17:54,569	INFO	[V2Free]: 系统无法接受您的验证结果，请完成非机器人验证。如果看不到非机器人验证按钮，请先翻墙再刷新页面。
2024-03-07 09:15:11,774	INFO	[V2Free]: 系统无法接受您的验证结果，请完成非机器人验证。如果看不到非机器人验证按钮，请先翻墙再刷新页面。
2024-03-08 09:17:09,676	INFO	[V2Free]: 系统无法接受您的验证结果，请完成非机器人验证。如果看不到非机器人验证按钮，请先翻墙再刷新页面。
2024-03-09 09:18:58,866	INFO	[V2Free]: 系统无法接受您的验证结果，请完成非机器人验证。如果看不到非机器人验证按钮，请先翻墙再刷新页面。
2024-03-10 09:18:41,945	INFO	[V2Free]: 系统无法接受您的验证结果，请完成非机器人验证。如果看不到非机器人验证按钮，请先翻墙再刷新页面。
2024-03-11 09:18:37,455	INFO	[V2Free]: 系统无法接受您的验证结果，请完成非机器人验证。如果看不到非机器人验证按钮，请先翻墙再刷新页面。
2024-03-13 09:18:15,584	INFO	[V2Free]: 系统无法接受您的验证结果，请完成非机器人验证。如果看不到非机器人验证按钮，请先翻墙再刷新页面。
2024-03-14 09:17:18,651	INFO	[V2Free]: 系统无法接受您的验证结果，请完成非机器人验证。如果看不到非机器人验证按钮，请先翻墙再刷新页面。
2024-03-15 09:16:59,979	INFO	[V2Free]: 系统无法接受您的验证结果，请完成非机器人验证。如果看不到非机器人验证按钮，请先翻墙再刷新页面。
2024-03-16 09:15:52,236	INFO	[V2Free]: 系统无法接受您的验证结果，请完成非机器人验证。如果看不到非机器人验证按钮，请先翻墙再刷新页面。
2024-03-17 09:16:20,629	INFO	[V2Free]: 系统无法接受您的验证结果，请完成非机器人验证。如果看不到非机器人验证按钮，请先翻墙再刷新页面。
2024-03-18 09:18:10,201	INFO	[V2Free]: 系统无法接受您的验证结果，请完成非机器人验证。如果看不到非机器人验证按钮，请先翻墙再刷新页面。
2024-03-19 09:16:58,426	INFO	[V2Free]: 系统无法接受您的验证结果，请完成非机器人验证。如果看不到非机器人验证按钮，请先翻墙再刷新页面。
2024-03-20 09:18:25,916	INFO	[V2Free]: 系统无法接受您的验证结果，请完成非机器人验证。如果看不到非机器人验证按钮，请先翻墙再刷新页面。
2024-03-22 09:19:49,422	INFO	[V2Free]: 系统无法接受您的验证结果，请完成非机器人验证。如果看不到非机器人验证按钮，请先翻墙再刷新页面。
2024-03-23 09:16:44,344	INFO	[V2Free]: 系统无法接受您的验证结果，请完成非机器人验证。如果看不到非机器人验证按钮，请先翻墙再刷新页面。
2024-03-24 09:17:51,036	INFO	[V2Free]: 系统无法接受您的验证结果，请完成非机器人验证。如果看不到非机器人验证按钮，请先翻墙再刷新页面。
2024-03-25 09:17:45,754	INFO	[V2Free]: 系统无法接受您的验证结果，请完成非机器人验证。如果看不到非机器人验证按钮，请先翻墙再刷新页面。
2024-03-26 09:17:57,571	INFO	[V2Free]: 系统无法接受您的验证结果，请完成非机器人验证。如果看不到非机器人验证按钮，请先翻墙再刷新页面。
2024-03-27 09:18:33,730	INFO	[V2Free]: 系统无法接受您的验证结果，请完成非机器人验证。如果看不到非机器人验证按钮，请先翻墙再刷新页面。
2024-03-28 09:18:06,534	INFO	[V2Free]: 系统无法接受您的验证结果，请完成非机器人验证。如果看不到非机器人验证按钮，请先翻墙再刷新页面。
2024-03-29 09:16:55,314	INFO	[V2Free]: 系统无法接受您的验证结果，请完成非机器人验证。如果看不到非机器人验证按钮，请先翻墙再刷新页面。
2024-03-30 09:15:43,276	INFO	[V2Free]: 系统无法接受您的验证结果，请完成非机器人验证。如果看不到非机器人验证按钮，请先翻墙再刷新页面。
2024-03-31 09:17:06,884	INFO	[V2Free]: 系统无法接受您的验证结果，请完成非机器人验证。如果看不到非机器人验证按钮，请先翻墙再刷新页面。
2024-04-01 09:19:28,311	INFO	[V2Free]: 系统无法接受您的验证结果，请完成非机器人验证。如果看不到非机器人验证按钮，请先翻墙再刷新页面。
2024-04-02 09:18:17,357	INFO	[V2Free]: 系统无法接受您的验证结果，请完成非机器人验证。如果看不到非机器人验证按钮，请先翻墙再刷新页面。
2024-04-03 09:18:23,307	INFO	[V2Free]: 系统无法接受您的验证结果，请完成非机器人验证。如果看不到非机器人验证按钮，请先翻墙再刷新页面。
2024-04-04 09:18:10,357	INFO	[V2Free]: 系统无法接受您的验证结果，请完成非机器人验证。如果看不到非机器人验证按钮，请先翻墙再刷新页面。
2024-04-05 09:17:18,226	INFO	[V2Free]: 系统无法接受您的验证结果，请完成非机器人验证。如果看不到非机器人验证按钮，请先翻墙再刷新页面。
2024-04-06 05:18:57,256	INFO	[V2Free]: 系统无法接受您的验证结果，请完成非机器人验证。如果看不到非机器人验证按钮，请先翻墙再刷新页面。
2024-04-07 09:16:54,134	INFO	[V2Free]: 系统无法接受您的验证结果，请完成非机器人验证。如果看不到非机器人验证按钮，请先翻墙再刷新页面。
2024-04-08 09:19:00,508	INFO	[V2Free]: 系统无法接受您的验证结果，请完成非机器人验证。如果看不到非机器人验证按钮，请先翻墙再刷新页面。
2024-04-09 09:19:29,769	INFO	[V2Free]: 系统无法接受您的验证结果，请完成非机器人验证。如果看不到非机器人验证按钮，请先翻墙再刷新页面。
2024-04-10 09:19:53,047	INFO	[V2Free]: 系统无法接受您的验证结果，请完成非机器人验证。如果看不到非机器人验证按钮，请先翻墙再刷新页面。
2024-04-11 09:18:41,981	INFO	[V2Free]: 系统无法接受您的验证结果，请完成非机器人验证。如果看不到非机器人验证按钮，请先翻墙再刷新页面。
2024-04-13 09:14:04,833	INFO	[V2Free]: 系统无法接受您的验证结果，请完成非机器人验证。如果看不到非机器人验证按钮，请先翻墙再刷新页面。
2024-04-14 11:23:50,731	INFO	[V2Free]: 系统无法接受您的验证结果，请完成非机器人验证。如果看不到非机器人验证按钮，请先翻墙再刷新页面。
2024-04-15 09:16:47,862	INFO	[V2Free]: 系统无法接受您的验证结果，请完成非机器人验证。如果看不到非机器人验证按钮，请先翻墙再刷新页面。
2024-04-16 09:17:56,147	INFO	[V2Free]: 系统无法接受您的验证结果，请完成非机器人验证。如果看不到非机器人验证按钮，请先翻墙再刷新页面。
2024-04-17 09:18:34,954	INFO	[V2Free]: 系统无法接受您的验证结果，请完成非机器人验证。如果看不到非机器人验证按钮，请先翻墙再刷新页面。
2024-04-18 09:18:29,381	INFO	[V2Free]: 系统无法接受您的验证结果，请完成非机器人验证。如果看不到非机器人验证按钮，请先翻墙再刷新页面。
2024-04-19 09:19:15,231	INFO	[V2Free]: 系统无法接受您的验证结果，请完成非机器人验证。如果看不到非机器人验证按钮，请先翻墙再刷新页面。
2024-04-20 09:15:58,501	INFO	[V2Free]: 系统无法接受您的验证结果，请完成非机器人验证。如果看不到非机器人验证按钮，请先翻墙再刷新页面。
2024-04-21 09:19:16,728	INFO	[V2Free]: 系统无法接受您的验证结果，请完成非机器人验证。如果看不到非机器人验证按钮，请先翻墙再刷新页面。
2024-04-22 09:19:44,819	INFO	[V2Free]: 系统无法接受您的验证结果，请完成非机器人验证。如果看不到非机器人验证按钮，请先翻墙再刷新页面。
2024-04-23 09:18:14,928	INFO	[V2Free]: 系统无法接受您的验证结果，请完成非机器人验证。如果看不到非机器人验证按钮，请先翻墙再刷新页面。
2024-04-24 09:18:19,669	INFO	[V2Free]: 系统无法接受您的验证结果，请完成非机器人验证。如果看不到非机器人验证按钮，请先翻墙再刷新页面。
2024-04-25 09:18:43,943	INFO	[V2Free]: 系统无法接受您的验证结果，请完成非机器人验证。如果看不到非机器人验证按钮，请先翻墙再刷新页面。
2024-04-26 09:18:55,150	INFO	[V2Free]: 系统无法接受您的验证结果，请完成非机器人验证。如果看不到非机器人验证按钮，请先翻墙再刷新页面。
2024-04-27 09:16:54,043	INFO	[V2Free]: 系统无法接受您的验证结果，请完成非机器人验证。如果看不到非机器人验证按钮，请先翻墙再刷新页面。
2024-04-28 09:17:05,860	INFO	[V2Free]: 系统无法接受您的验证结果，请完成非机器人验证。如果看不到非机器人验证按钮，请先翻墙再刷新页面。
2024-04-29 09:20:15,585	INFO	[V2Free]: 系统无法接受您的验证结果，请完成非机器人验证。如果看不到非机器人验证按钮，请先翻墙再刷新页面。
2024-04-30 09:20:55,505	INFO	[V2Free]: 系统无法接受您的验证结果，请完成非机器人验证。如果看不到非机器人验证按钮，请先翻墙再刷新页面。
2024-05-01 09:20:19,387	INFO	[V2Free]: 系统无法接受您的验证结果，请完成非机器人验证。如果看不到非机器人验证按钮，请先翻墙再刷新页面。
2024-05-02 09:19:11,885	INFO	[V2Free]: 系统无法接受您的验证结果，请完成非机器人验证。如果看不到非机器人验证按钮，请先翻墙再刷新页面。
2024-05-03 09:19:38,489	INFO	[V2Free]: 系统无法接受您的验证结果，请完成非机器人验证。如果看不到非机器人验证按钮，请先翻墙再刷新页面。
2024-05-04 09:18:38,619	INFO	[V2Free]: 系统无法接受您的验证结果，请完成非机器人验证。如果看不到非机器人验证按钮，请先翻墙再刷新页面。
2024-05-05 09:20:16,700	INFO	[V2Free]: 系统无法接受您的验证结果，请完成非机器人验证。如果看不到非机器人验证按钮，请先翻墙再刷新页面。
2024-05-06 09:20:22,123	INFO	[V2Free]: 系统无法接受您的验证结果，请完成非机器人验证。如果看不到非机器人验证按钮，请先翻墙再刷新页面。
2024-05-07 09:21:02,229	INFO	[V2Free]: 系统无法接受您的验证结果，请完成非机器人验证。如果看不到非机器人验证按钮，请先翻墙再刷新页面。
2024-05-08 09:18:58,196	INFO	[V2Free]: 系统无法接受您的验证结果，请完成非机器人验证。如果看不到非机器人验证按钮，请先翻墙再刷新页面。
2024-05-09 09:19:36,275	INFO	[V2Free]: 系统无法接受您的验证结果，请完成非机器人验证。如果看不到非机器人验证按钮，请先翻墙再刷新页面。
2024-05-10 09:19:37,116	INFO	[V2Free]: 系统无法接受您的验证结果，请完成非机器人验证。如果看不到非机器人验证按钮，请先翻墙再刷新页面。
2024-05-11 09:18:46,989	INFO	[V2Free]: 系统无法接受您的验证结果，请完成非机器人验证。如果看不到非机器人验证按钮，请先翻墙再刷新页面。
2024-05-12 09:17:40,897	INFO	[V2Free]: 系统无法接受您的验证结果，请完成非机器人验证。如果看不到非机器人验证按钮，请先翻墙再刷新页面。
2024-05-13 09:20:08,758	INFO	[V2Free]: 系统无法接受您的验证结果，请完成非机器人验证。如果看不到非机器人验证按钮，请先翻墙再刷新页面。
2024-05-15 09:22:14,351	INFO	[V2Free]: 系统无法接受您的验证结果，请完成非机器人验证。如果看不到非机器人验证按钮，请先翻墙再刷新页面。
2024-05-16 09:19:08,339	INFO	[V2Free]: 系统无法接受您的验证结果，请完成非机器人验证。如果看不到非机器人验证按钮，请先翻墙再刷新页面。
2024-05-17 09:21:04,120	INFO	[V2Free]: 系统无法接受您的验证结果，请完成非机器人验证。如果看不到非机器人验证按钮，请先翻墙再刷新页面。
2024-05-18 09:19:19,360	INFO	[V2Free]: 系统无法接受您的验证结果，请完成非机器人验证。如果看不到非机器人验证按钮，请先翻墙再刷新页面。
2024-05-19 09:20:14,182	INFO	[V2Free]: 系统无法接受您的验证结果，请完成非机器人验证。如果看不到非机器人验证按钮，请先翻墙再刷新页面。
2024-05-20 09:22:58,885	INFO	[V2Free]: 系统无法接受您的验证结果，请完成非机器人验证。如果看不到非机器人验证按钮，请先翻墙再刷新页面。
2024-05-21 09:21:05,611	INFO	[V2Free]: 系统无法接受您的验证结果，请完成非机器人验证。如果看不到非机器人验证按钮，请先翻墙再刷新页面。
2024-05-22 09:21:22,043	INFO	[V2Free]: 系统无法接受您的验证结果，请完成非机器人验证。如果看不到非机器人验证按钮，请先翻墙再刷新页面。
2024-05-23 09:21:07,062	INFO	[V2Free]: 系统无法接受您的验证结果，请完成非机器人验证。如果看不到非机器人验证按钮，请先翻墙再刷新页面。
2024-05-24 09:20:16,747	INFO	[V2Free]: 系统无法接受您的验证结果，请完成非机器人验证。如果看不到非机器人验证按钮，请先翻墙再刷新页面。
2024-05-25 09:18:21,809	INFO	[V2Free]: 系统无法接受您的验证结果，请完成非机器人验证。如果看不到非机器人验证按钮，请先翻墙再刷新页面。
2024-05-26 09:20:39,919	INFO	[V2Free]: 系统无法接受您的验证结果，请完成非机器人验证。如果看不到非机器人验证按钮，请先翻墙再刷新页面。
2024-05-27 09:21:19,488	INFO	[V2Free]: 系统无法接受您的验证结果，请完成非机器人验证。如果看不到非机器人验证按钮，请先翻墙再刷新页面。
2024-05-28 09:20:11,842	INFO	[V2Free]: 系统无法接受您的验证结果，请完成非机器人验证。如果看不到非机器人验证按钮，请先翻墙再刷新页面。
2024-05-29 09:21:46,186	INFO	[V2Free]: 系统无法接受您的验证结果，请完成非机器人验证。如果看不到非机器人验证按钮，请先翻墙再刷新页面。
2024-05-30 09:21:00,758	INFO	[V2Free]: 系统无法接受您的验证结果，请完成非机器人验证。如果看不到非机器人验证按钮，请先翻墙再刷新页面。
2024-05-31 09:22:18,750	INFO	[V2Free]: 系统无法接受您的验证结果，请完成非机器人验证。如果看不到非机器人验证按钮，请先翻墙再刷新页面。
2024-06-01 09:21:57,818	INFO	[V2Free]: 系统无法接受您的验证结果，请完成非机器人验证。如果看不到非机器人验证按钮，请先翻墙再刷新页面。
2024-06-02 09:19:32,993	INFO	[V2Free]: 系统无法接受您的验证结果，请完成非机器人验证。如果看不到非机器人验证按钮，请先翻墙再刷新页面。
2024-06-03 09:21:08,289	INFO	[V2Free]: 系统无法接受您的验证结果，请完成非机器人验证。如果看不到非机器人验证按钮，请先翻墙再刷新页面。
2024-06-04 09:22:08,637	INFO	[V2Free]: 系统无法接受您的验证结果，请完成非机器人验证。如果看不到非机器人验证按钮，请先翻墙再刷新页面。
2024-06-05 09:23:43,444	INFO	[V2Free]: 系统无法接受您的验证结果，请完成非机器人验证。如果看不到非机器人验证按钮，请先翻墙再刷新页面。
2024-06-06 09:21:57,320	INFO	[V2Free]: 系统无法接受您的验证结果，请完成非机器人验证。如果看不到非机器人验证按钮，请先翻墙再刷新页面。
2024-06-07 09:20:45,535	INFO	[V2Free]: 系统无法接受您的验证结果，请完成非机器人验证。如果看不到非机器人验证按钮，请先翻墙再刷新页面。
2024-06-08 09:20:41,226	INFO	[V2Free]: 系统无法接受您的验证结果，请完成非机器人验证。如果看不到非机器人验证按钮，请先翻墙再刷新页面。
2024-06-09 09:20:08,776	INFO	[V2Free]: 系统无法接受您的验证结果，请完成非机器人验证。如果看不到非机器人验证按钮，请先翻墙再刷新页面。
2024-06-10 09:22:43,212	INFO	[V2Free]: 系统无法接受您的验证结果，请完成非机器人验证。如果看不到非机器人验证按钮，请先翻墙再刷新页面。
2024-06-11 09:22:30,024	INFO	[V2Free]: 系统无法接受您的验证结果，请完成非机器人验证。如果看不到非机器人验证按钮，请先翻墙再刷新页面。
2024-06-12 09:21:13,797	INFO	[V2Free]: 系统无法接受您的验证结果，请完成非机器人验证。如果看不到非机器人验证按钮，请先翻墙再刷新页面。
2024-06-13 09:21:57,008	INFO	[V2Free]: 系统无法接受您的验证结果，请完成非机器人验证。如果看不到非机器人验证按钮，请先翻墙再刷新页面。
2024-06-14 09:20:57,446	INFO	[V2Free]: 系统无法接受您的验证结果，请完成非机器人验证。如果看不到非机器人验证按钮，请先翻墙再刷新页面。
2024-06-15 09:19:14,465	INFO	[V2Free]: 系统无法接受您的验证结果，请完成非机器人验证。如果看不到非机器人验证按钮，请先翻墙再刷新页面。
2024-06-16 09:21:37,201	INFO	[V2Free]: 系统无法接受您的验证结果，请完成非机器人验证。如果看不到非机器人验证按钮，请先翻墙再刷新页面。
2024-06-17 09:21:53,448	INFO	[V2Free]: 系统无法接受您的验证结果，请完成非机器人验证。如果看不到非机器人验证按钮，请先翻墙再刷新页面。
2024-07-07 09:20:58,835	INFO	[V2Free]: 系统无法接受您的验证结果，请完成非机器人验证。如果看不到非机器人验证按钮，请先翻墙再刷新页面。
2024-07-08 09:22:29,618	INFO	[V2Free]: 系统无法接受您的验证结果，请完成非机器人验证。如果看不到非机器人验证按钮，请先翻墙再刷新页面。
2024-07-09 09:20:44,082	INFO	[V2Free]: 系统无法接受您的验证结果，请完成非机器人验证。如果看不到非机器人验证按钮，请先翻墙再刷新页面。
2024-07-10 09:20:57,933	INFO	[V2Free]: 系统无法接受您的验证结果，请完成非机器人验证。如果看不到非机器人验证按钮，请先翻墙再刷新页面。
2024-07-11 09:22:48,096	INFO	[V2Free]: 系统无法接受您的验证结果，请完成非机器人验证。如果看不到非机器人验证按钮，请先翻墙再刷新页面。
2024-07-13 09:19:10,848	INFO	[V2Free]: 系统无法接受您的验证结果，请完成非机器人验证。如果看不到非机器人验证按钮，请先翻墙再刷新页面。
2024-07-14 09:21:49,473	INFO	[V2Free]: 系统无法接受您的验证结果，请完成非机器人验证。如果看不到非机器人验证按钮，请先翻墙再刷新页面。
2024-07-15 09:22:39,361	INFO	[V2Free]: 系统无法接受您的验证结果，请完成非机器人验证。如果看不到非机器人验证按钮，请先翻墙再刷新页面。
2024-07-17 09:23:35,168	INFO	[V2Free]: 系统无法接受您的验证结果，请完成非机器人验证。如果看不到非机器人验证按钮，请先翻墙再刷新页面。
2024-07-18 09:21:17,475	INFO	[V2Free]: 系统无法接受您的验证结果，请完成非机器人验证。如果看不到非机器人验证按钮，请先翻墙再刷新页面。
2024-07-19 09:21:01,239	INFO	[V2Free]: 系统无法接受您的验证结果，请完成非机器人验证。如果看不到非机器人验证按钮，请先翻墙再刷新页面。
2024-07-20 09:20:00,986	INFO	[V2Free]: 系统无法接受您的验证结果，请完成非机器人验证。如果看不到非机器人验证按钮，请先翻墙再刷新页面。
2024-07-21 09:20:49,610	INFO	[V2Free]: 系统无法接受您的验证结果，请完成非机器人验证。如果看不到非机器人验证按钮，请先翻墙再刷新页面。
2024-07-22 09:24:43,693	INFO	[V2Free]: 系统无法接受您的验证结果，请完成非机器人验证。如果看不到非机器人验证按钮，请先翻墙再刷新页面。
2024-07-23 09:21:46,947	INFO	[V2Free]: 系统无法接受您的验证结果，请完成非机器人验证。如果看不到非机器人验证按钮，请先翻墙再刷新页面。
2024-07-25 09:22:22,578	INFO	[V2Free]: 系统无法接受您的验证结果，请完成非机器人验证。如果看不到非机器人验证按钮，请先翻墙再刷新页面。
2024-07-26 09:21:06,295	INFO	[V2Free]: 系统无法接受您的验证结果，请完成非机器人验证。如果看不到非机器人验证按钮，请先翻墙再刷新页面。
2024-07-27 09:19:41,550	INFO	[V2Free]: 系统无法接受您的验证结果，请完成非机器人验证。如果看不到非机器人验证按钮，请先翻墙再刷新页面。
2024-07-30 09:21:29,672	INFO	[V2Free]: 系统无法接受您的验证结果，请完成非机器人验证。如果看不到非机器人验证按钮，请先翻墙再刷新页面。
2024-07-31 09:21:33,501	INFO	[V2Free]: 系统无法接受您的验证结果，请完成非机器人验证。如果看不到非机器人验证按钮，请先翻墙再刷新页面。
2024-08-02 09:22:29,309	INFO	[V2Free]: 系统无法接受您的验证结果，请完成非机器人验证。如果看不到非机器人验证按钮，请先翻墙再刷新页面。
2024-08-03 09:22:16,378	INFO	[V2Free]: 系统无法接受您的验证结果，请完成非机器人验证。如果看不到非机器人验证按钮，请先翻墙再刷新页面。
2024-08-04 09:21:54,269	INFO	[V2Free]: 系统无法接受您的验证结果，请完成非机器人验证。如果看不到非机器人验证按钮，请先翻墙再刷新页面。
2024-08-05 09:22:20,507	INFO	[V2Free]: 系统无法接受您的验证结果，请完成非机器人验证。如果看不到非机器人验证按钮，请先翻墙再刷新页面。
2024-08-07 09:22:29,552	INFO	[V2Free]: 系统无法接受您的验证结果，请完成非机器人验证。如果看不到非机器人验证按钮，请先翻墙再刷新页面。
2024-08-08 09:22:20,015	INFO	[V2Free]: 系统无法接受您的验证结果，请完成非机器人验证。如果看不到非机器人验证按钮，请先翻墙再刷新页面。
2024-08-10 09:20:44,756	INFO	[V2Free]: 系统无法接受您的验证结果，请完成非机器人验证。如果看不到非机器人验证按钮，请先翻墙再刷新页面。
2024-08-11 09:21:37,481	INFO	[V2Free]: 系统无法接受您的验证结果，请完成非机器人验证。如果看不到非机器人验证按钮，请先翻墙再刷新页面。
2024-08-13 09:23:26,244	INFO	[V2Free]: 系统无法接受您的验证结果，请完成非机器人验证。如果看不到非机器人验证按钮，请先翻墙再刷新页面。
2024-08-14 09:21:56,836	INFO	[V2Free]: 系统无法接受您的验证结果，请完成非机器人验证。如果看不到非机器人验证按钮，请先翻墙再刷新页面。
2024-08-15 09:21:14,680	INFO	[V2Free]: 系统无法接受您的验证结果，请完成非机器人验证。如果看不到非机器人验证按钮，请先翻墙再刷新页面。
2024-08-16 09:23:54,295	INFO	[V2Free]: 系统无法接受您的验证结果，请完成非机器人验证。如果看不到非机器人验证按钮，请先翻墙再刷新页面。
2024-08-17 09:19:54,263	INFO	[V2Free]: 系统无法接受您的验证结果，请完成非机器人验证。如果看不到非机器人验证按钮，请先翻墙再刷新页面。
2024-08-18 09:22:14,058	INFO	[V2Free]: 系统无法接受您的验证结果，请完成非机器人验证。如果看不到非机器人验证按钮，请先翻墙再刷新页面。
2024-08-19 09:22:28,794	INFO	[V2Free]: 系统无法接受您的验证结果，请完成非机器人验证。如果看不到非机器人验证按钮，请先翻墙再刷新页面。
2024-08-20 09:23:10,819	INFO	[V2Free]: 系统无法接受您的验证结果，请完成非机器人验证。如果看不到非机器人验证按钮，请先翻墙再刷新页面。
2024-08-21 09:22:24,102	INFO	[V2Free]: 系统无法接受您的验证结果，请完成非机器人验证。如果看不到非机器人验证按钮，请先翻墙再刷新页面。
2024-08-22 09:21:43,223	INFO	[V2Free]: 系统无法接受您的验证结果，请完成非机器人验证。如果看不到非机器人验证按钮，请先翻墙再刷新页面。
2024-08-23 09:21:16,782	INFO	[V2Free]: 系统无法接受您的验证结果，请完成非机器人验证。如果看不到非机器人验证按钮，请先翻墙再刷新页面。
2024-08-24 09:21:04,191	INFO	[V2Free]: 系统无法接受您的验证结果，请完成非机器人验证。如果看不到非机器人验证按钮，请先翻墙再刷新页面。
2024-08-25 09:20:35,975	INFO	[V2Free]: 系统无法接受您的验证结果，请完成非机器人验证。如果看不到非机器人验证按钮，请先翻墙再刷新页面。
2024-08-26 09:22:08,179	INFO	[V2Free]: 系统无法接受您的验证结果，请完成非机器人验证。如果看不到非机器人验证按钮，请先翻墙再刷新页面。
2024-08-27 09:22:04,763	INFO	[V2Free]: 系统无法接受您的验证结果，请完成非机器人验证。如果看不到非机器人验证按钮，请先翻墙再刷新页面。
2024-08-28 09:22:32,549	INFO	[V2Free]: 系统无法接受您的验证结果，请完成非机器人验证。如果看不到非机器人验证按钮，请先翻墙再刷新页面。
2024-08-29 09:23:33,003	INFO	[V2Free]: 系统无法接受您的验证结果，请完成非机器人验证。如果看不到非机器人验证按钮，请先翻墙再刷新页面。
2024-08-30 09:23:12,714	INFO	[V2Free]: 系统无法接受您的验证结果，请完成非机器人验证。如果看不到非机器人验证按钮，请先翻墙再刷新页面。
2024-08-31 09:20:54,452	INFO	[V2Free]: 系统无法接受您的验证结果，请完成非机器人验证。如果看不到非机器人验证按钮，请先翻墙再刷新页面。
2024-09-01 09:21:23,412	INFO	[V2Free]: 系统无法接受您的验证结果，请完成非机器人验证。如果看不到非机器人验证按钮，请先翻墙再刷新页面。
2024-09-02 09:23:49,654	INFO	[V2Free]: 系统无法接受您的验证结果，请完成非机器人验证。如果看不到非机器人验证按钮，请先翻墙再刷新页面。
2024-09-03 09:22:59,061	INFO	[V2Free]: 系统无法接受您的验证结果，请完成非机器人验证。如果看不到非机器人验证按钮，请先翻墙再刷新页面。
2024-09-04 09:22:57,807	INFO	[V2Free]: 系统无法接受您的验证结果，请完成非机器人验证。如果看不到非机器人验证按钮，请先翻墙再刷新页面。
2024-09-05 09:20:54,727	INFO	[V2Free]: 系统无法接受您的验证结果，请完成非机器人验证。如果看不到非机器人验证按钮，请先翻墙再刷新页面。
2024-09-06 09:24:07,116	INFO	[V2Free]: 系统无法接受您的验证结果，请完成非机器人验证。如果看不到非机器人验证按钮，请先翻墙再刷新页面。
2024-09-07 09:21:24,653	INFO	[V2Free]: 系统无法接受您的验证结果，请完成非机器人验证。如果看不到非机器人验证按钮，请先翻墙再刷新页面。
2024-09-08 09:20:26,319	INFO	[V2Free]: 系统无法接受您的验证结果，请完成非机器人验证。如果看不到非机器人验证按钮，请先翻墙再刷新页面。
2024-09-09 09:24:36,256	INFO	[V2Free]: 系统无法接受您的验证结果，请完成非机器人验证。如果看不到非机器人验证按钮，请先翻墙再刷新页面。
2024-09-10 09:24:16,275	INFO	[V2Free]: 系统无法接受您的验证结果，请完成非机器人验证。如果看不到非机器人验证按钮，请先翻墙再刷新页面。
2024-09-11 09:24:08,383	INFO	[V2Free]: 系统无法接受您的验证结果，请完成非机器人验证。如果看不到非机器人验证按钮，请先翻墙再刷新页面。
2024-09-12 09:22:36,309	INFO	[V2Free]: 系统无法接受您的验证结果，请完成非机器人验证。如果看不到非机器人验证按钮，请先翻墙再刷新页面。
2024-09-13 09:22:38,640	INFO	[V2Free]: 系统无法接受您的验证结果，请完成非机器人验证。如果看不到非机器人验证按钮，请先翻墙再刷新页面。
2024-09-14 09:21:08,841	INFO	[V2Free]: 系统无法接受您的验证结果，请完成非机器人验证。如果看不到非机器人验证按钮，请先翻墙再刷新页面。
2024-09-15 09:21:54,699	INFO	[V2Free]: 系统无法接受您的验证结果，请完成非机器人验证。如果看不到非机器人验证按钮，请先翻墙再刷新页面。
2024-09-16 09:26:10,717	INFO	[V2Free]: 系统无法接受您的验证结果，请完成非机器人验证。如果看不到非机器人验证按钮，请先翻墙再刷新页面。
2024-09-17 09:22:41,875	INFO	[V2Free]: 系统无法接受您的验证结果，请完成非机器人验证。如果看不到非机器人验证按钮，请先翻墙再刷新页面。
2024-09-18 09:24:47,118	INFO	[V2Free]: 系统无法接受您的验证结果，请完成非机器人验证。如果看不到非机器人验证按钮，请先翻墙再刷新页面。
2024-09-19 09:23:27,992	INFO	[V2Free]: 系统无法接受您的验证结果，请完成非机器人验证。如果看不到非机器人验证按钮，请先翻墙再刷新页面。
2024-09-20 09:26:15,574	INFO	[V2Free]: 系统无法接受您的验证结果，请完成非机器人验证。如果看不到非机器人验证按钮，请先翻墙再刷新页面。
2024-09-21 09:20:51,572	INFO	[V2Free]: 系统无法接受您的验证结果，请完成非机器人验证。如果看不到非机器人验证按钮，请先翻墙再刷新页面。
2024-09-22 09:21:02,146	INFO	[V2Free]: 系统无法接受您的验证结果，请完成非机器人验证。如果看不到非机器人验证按钮，请先翻墙再刷新页面。
2024-09-23 09:26:52,277	INFO	[V2Free]: 系统无法接受您的验证结果，请完成非机器人验证。如果看不到非机器人验证按钮，请先翻墙再刷新页面。
2024-09-24 09:24:31,795	INFO	[V2Free]: 系统无法接受您的验证结果，请完成非机器人验证。如果看不到非机器人验证按钮，请先翻墙再刷新页面。
2024-09-25 09:24:45,949	INFO	[V2Free]: 系统无法接受您的验证结果，请完成非机器人验证。如果看不到非机器人验证按钮，请先翻墙再刷新页面。
2024-09-26 09:24:12,067	INFO	[V2Free]: 系统无法接受您的验证结果，请完成非机器人验证。如果看不到非机器人验证按钮，请先翻墙再刷新页面。
2024-09-27 09:24:09,073	INFO	[V2Free]: 系统无法接受您的验证结果，请完成非机器人验证。如果看不到非机器人验证按钮，请先翻墙再刷新页面。
2024-09-28 09:21:23,475	INFO	[V2Free]: 系统无法接受您的验证结果，请完成非机器人验证。如果看不到非机器人验证按钮，请先翻墙再刷新页面。
2024-09-29 09:22:29,956	INFO	[V2Free]: 系统无法接受您的验证结果，请完成非机器人验证。如果看不到非机器人验证按钮，请先翻墙再刷新页面。
2024-09-30 09:26:29,337	INFO	[V2Free]: 系统无法接受您的验证结果，请完成非机器人验证。如果看不到非机器人验证按钮，请先翻墙再刷新页面。
2024-10-01 09:24:57,586	INFO	[V2Free]: 系统无法接受您的验证结果，请完成非机器人验证。如果看不到非机器人验证按钮，请先翻墙再刷新页面。
2024-10-02 09:24:10,480	INFO	[V2Free]: 系统无法接受您的验证结果，请完成非机器人验证。如果看不到非机器人验证按钮，请先翻墙再刷新页面。
2024-10-03 09:24:05,845	INFO	[V2Free]: 系统无法接受您的验证结果，请完成非机器人验证。如果看不到非机器人验证按钮，请先翻墙再刷新页面。
2024-10-04 09:23:46,581	INFO	[V2Free]: 系统无法接受您的验证结果，请完成非机器人验证。如果看不到非机器人验证按钮，请先翻墙再刷新页面。
2024-10-05 09:24:26,539	INFO	[V2Free]: 系统无法接受您的验证结果，请完成非机器人验证。如果看不到非机器人验证按钮，请先翻墙再刷新页面。
2024-10-06 09:22:31,185	INFO	[V2Free]: 系统无法接受您的验证结果，请完成非机器人验证。如果看不到非机器人验证按钮，请先翻墙再刷新页面。
2024-10-07 09:25:27,268	INFO	[V2Free]: 系统无法接受您的验证结果，请完成非机器人验证。如果看不到非机器人验证按钮，请先翻墙再刷新页面。
2024-10-08 09:24:05,755	INFO	[V2Free]: 系统无法接受您的验证结果，请完成非机器人验证。如果看不到非机器人验证按钮，请先翻墙再刷新页面。
2024-10-09 09:24:57,064	INFO	[V2Free]: 系统无法接受您的验证结果，请完成非机器人验证。如果看不到非机器人验证按钮，请先翻墙再刷新页面。
2024-10-10 09:24:26,990	INFO	[V2Free]: 系统无法接受您的验证结果，请完成非机器人验证。如果看不到非机器人验证按钮，请先翻墙再刷新页面。
2024-10-11 09:23:47,905	INFO	[V2Free]: 系统无法接受您的验证结果，请完成非机器人验证。如果看不到非机器人验证按钮，请先翻墙再刷新页面。
2024-10-12 09:22:39,320	INFO	[V2Free]: 系统无法接受您的验证结果，请完成非机器人验证。如果看不到非机器人验证按钮，请先翻墙再刷新页面。
2024-10-13 09:21:59,790	INFO	[V2Free]: 系统无法接受您的验证结果，请完成非机器人验证。如果看不到非机器人验证按钮，请先翻墙再刷新页面。
2024-10-14 09:25:23,050	INFO	[V2Free]: 系统无法接受您的验证结果，请完成非机器人验证。如果看不到非机器人验证按钮，请先翻墙再刷新页面。
2024-10-15 09:24:24,528	INFO	[V2Free]: 系统无法接受您的验证结果，请完成非机器人验证。如果看不到非机器人验证按钮，请先翻墙再刷新页面。
2024-10-16 09:24:48,189	INFO	[V2Free]: 系统无法接受您的验证结果，请完成非机器人验证。如果看不到非机器人验证按钮，请先翻墙再刷新页面。
2024-10-17 09:24:13,714	INFO	[V2Free]: 系统无法接受您的验证结果，请完成非机器人验证。如果看不到非机器人验证按钮，请先翻墙再刷新页面。
2024-10-18 09:24:37,489	INFO	[V2Free]: 系统无法接受您的验证结果，请完成非机器人验证。如果看不到非机器人验证按钮，请先翻墙再刷新页面。
2024-10-19 09:21:24,069	INFO	[V2Free]: 系统无法接受您的验证结果，请完成非机器人验证。如果看不到非机器人验证按钮，请先翻墙再刷新页面。
2024-10-20 09:21:52,903	INFO	[V2Free]: 系统无法接受您的验证结果，请完成非机器人验证。如果看不到非机器人验证按钮，请先翻墙再刷新页面。
2024-10-21 09:25:26,609	INFO	[V2Free]: 系统无法接受您的验证结果，请完成非机器人验证。如果看不到非机器人验证按钮，请先翻墙再刷新页面。
2024-10-22 09:24:03,872	INFO	[V2Free]: 系统无法接受您的验证结果，请完成非机器人验证。如果看不到非机器人验证按钮，请先翻墙再刷新页面。
2024-10-24 09:24:10,110	INFO	[V2Free]: 系统无法接受您的验证结果，请完成非机器人验证。如果看不到非机器人验证按钮，请先翻墙再刷新页面。
2024-10-25 09:24:04,189	INFO	[V2Free]: 系统无法接受您的验证结果，请完成非机器人验证。如果看不到非机器人验证按钮，请先翻墙再刷新页面。
2024-10-26 09:21:32,232	INFO	[V2Free]: 系统无法接受您的验证结果，请完成非机器人验证。如果看不到非机器人验证按钮，请先翻墙再刷新页面。
2024-10-27 09:21:42,610	INFO	[V2Free]: 系统无法接受您的验证结果，请完成非机器人验证。如果看不到非机器人验证按钮，请先翻墙再刷新页面。
2024-10-28 09:25:32,450	INFO	[V2Free]: 系统无法接受您的验证结果，请完成非机器人验证。如果看不到非机器人验证按钮，请先翻墙再刷新页面。
2024-10-29 09:24:44,142	INFO	[V2Free]: 系统无法接受您的验证结果，请完成非机器人验证。如果看不到非机器人验证按钮，请先翻墙再刷新页面。
2024-10-30 09:24:33,033	INFO	[V2Free]: 系统无法接受您的验证结果，请完成非机器人验证。如果看不到非机器人验证按钮，请先翻墙再刷新页面。
2024-10-31 09:23:50,911	INFO	[V2Free]: 系统无法接受您的验证结果，请完成非机器人验证。如果看不到非机器人验证按钮，请先翻墙再刷新页面。
2024-11-01 09:23:37,815	INFO	[V2Free]: 系统无法接受您的验证结果，请完成非机器人验证。如果看不到非机器人验证按钮，请先翻墙再刷新页面。
2024-11-02 09:21:26,197	INFO	[V2Free]: 系统无法接受您的验证结果，请完成非机器人验证。如果看不到非机器人验证按钮，请先翻墙再刷新页面。
2024-11-03 09:23:12,570	INFO	[V2Free]: 系统无法接受您的验证结果，请完成非机器人验证。如果看不到非机器人验证按钮，请先翻墙再刷新页面。
2024-11-04 09:25:51,491	INFO	[V2Free]: 系统无法接受您的验证结果，请完成非机器人验证。如果看不到非机器人验证按钮，请先翻墙再刷新页面。
2024-11-05 09:23:19,638	INFO	[V2Free]: 系统无法接受您的验证结果，请完成非机器人验证。如果看不到非机器人验证按钮，请先翻墙再刷新页面。
2024-11-06 09:25:35,887	INFO	[V2Free]: 系统无法接受您的验证结果，请完成非机器人验证。如果看不到非机器人验证按钮，请先翻墙再刷新页面。
2024-11-07 09:23:05,432	INFO	[V2Free]: 系统无法接受您的验证结果，请完成非机器人验证。如果看不到非机器人验证按钮，请先翻墙再刷新页面。
2024-11-09 09:20:22,394	INFO	[V2Free]: 系统无法接受您的验证结果，请完成非机器人验证。如果看不到非机器人验证按钮，请先翻墙再刷新页面。
2024-11-10 09:20:37,429	INFO	[V2Free]: 系统无法接受您的验证结果，请完成非机器人验证。如果看不到非机器人验证按钮，请先翻墙再刷新页面。
2024-11-11 09:24:45,559	INFO	[V2Free]: 系统无法接受您的验证结果，请完成非机器人验证。如果看不到非机器人验证按钮，请先翻墙再刷新页面。
2024-11-12 09:23:07,772	INFO	[V2Free]: 系统无法接受您的验证结果，请完成非机器人验证。如果看不到非机器人验证按钮，请先翻墙再刷新页面。
2024-11-13 09:23:25,053	INFO	[V2Free]: 系统无法接受您的验证结果，请完成非机器人验证。如果看不到非机器人验证按钮，请先翻墙再刷新页面。
2024-11-14 09:24:08,928	INFO	[V2Free]: 系统无法接受您的验证结果，请完成非机器人验证。如果看不到非机器人验证按钮，请先翻墙再刷新页面。
2024-11-15 09:24:28,850	INFO	[V2Free]: 系统无法接受您的验证结果，请完成非机器人验证。如果看不到非机器人验证按钮，请先翻墙再刷新页面。
2024-11-16 09:21:59,764	INFO	[V2Free]: 系统无法接受您的验证结果，请完成非机器人验证。如果看不到非机器人验证按钮，请先翻墙再刷新页面。
2024-11-17 09:22:52,965	INFO	[V2Free]: 系统无法接受您的验证结果，请完成非机器人验证。如果看不到非机器人验证按钮，请先翻墙再刷新页面。
2024-11-18 09:26:53,985	INFO	[V2Free]: 系统无法接受您的验证结果，请完成非机器人验证。如果看不到非机器人验证按钮，请先翻墙再刷新页面。
2024-11-19 09:25:19,355	INFO	[V2Free]: 系统无法接受您的验证结果，请完成非机器人验证。如果看不到非机器人验证按钮，请先翻墙再刷新页面。
2024-11-20 09:25:39,766	INFO	[V2Free]: 系统无法接受您的验证结果，请完成非机器人验证。如果看不到非机器人验证按钮，请先翻墙再刷新页面。
2024-11-21 09:25:32,940	INFO	[V2Free]: 系统无法接受您的验证结果，请完成非机器人验证。如果看不到非机器人验证按钮，请先翻墙再刷新页面。
2024-11-22 09:24:57,492	INFO	[V2Free]: 系统无法接受您的验证结果，请完成非机器人验证。如果看不到非机器人验证按钮，请先翻墙再刷新页面。
2024-11-23 09:22:37,675	INFO	[V2Free]: 系统无法接受您的验证结果，请完成非机器人验证。如果看不到非机器人验证按钮，请先翻墙再刷新页面。
2024-11-24 09:22:27,706	INFO	[V2Free]: 系统无法接受您的验证结果，请完成非机器人验证。如果看不到非机器人验证按钮，请先翻墙再刷新页面。
2024-11-25 09:26:20,556	INFO	[V2Free]: 系统无法接受您的验证结果，请完成非机器人验证。如果看不到非机器人验证按钮，请先翻墙再刷新页面。
2024-11-26 09:25:47,527	INFO	[V2Free]: 系统无法接受您的验证结果，请完成非机器人验证。如果看不到非机器人验证按钮，请先翻墙再刷新页面。
2024-11-27 09:25:42,380	INFO	[V2Free]: 系统无法接受您的验证结果，请完成非机器人验证。如果看不到非机器人验证按钮，请先翻墙再刷新页面。
2024-11-28 09:26:06,282	INFO	[V2Free]: 系统无法接受您的验证结果，请完成非机器人验证。如果看不到非机器人验证按钮，请先翻墙再刷新页面。
2024-11-29 09:25:43,698	INFO	[V2Free]: 系统无法接受您的验证结果，请完成非机器人验证。如果看不到非机器人验证按钮，请先翻墙再刷新页面。
2024-11-30 09:22:10,171	INFO	[V2Free]: 系统无法接受您的验证结果，请完成非机器人验证。如果看不到非机器人验证按钮，请先翻墙再刷新页面。
2024-12-01 09:22:49,599	INFO	[V2Free]: 系统无法接受您的验证结果，请完成非机器人验证。如果看不到非机器人验证按钮，请先翻墙再刷新页面。
2024-12-02 09:27:11,746	INFO	[V2Free]: 系统无法接受您的验证结果，请完成非机器人验证。如果看不到非机器人验证按钮，请先翻墙再刷新页面。
2024-12-03 09:26:04,988	INFO	[V2Free]: 系统无法接受您的验证结果，请完成非机器人验证。如果看不到非机器人验证按钮，请先翻墙再刷新页面。
2024-12-04 09:26:29,678	INFO	[V2Free]: 系统无法接受您的验证结果，请完成非机器人验证。如果看不到非机器人验证按钮，请先翻墙再刷新页面。
2024-12-05 09:26:08,909	INFO	[V2Free]: 系统无法接受您的验证结果，请完成非机器人验证。如果看不到非机器人验证按钮，请先翻墙再刷新页面。
2024-12-06 09:25:37,818	INFO	[V2Free]: 系统无法接受您的验证结果，请完成非机器人验证。如果看不到非机器人验证按钮，请先翻墙再刷新页面。
2024-12-07 09:22:57,560	INFO	[V2Free]: 系统无法接受您的验证结果，请完成非机器人验证。如果看不到非机器人验证按钮，请先翻墙再刷新页面。
2024-12-08 09:22:59,110	INFO	[V2Free]: 系统无法接受您的验证结果，请完成非机器人验证。如果看不到非机器人验证按钮，请先翻墙再刷新页面。
2024-12-09 09:27:34,213	INFO	[V2Free]: 系统无法接受您的验证结果，请完成非机器人验证。如果看不到非机器人验证按钮，请先翻墙再刷新页面。
2024-12-10 09:26:35,485	INFO	[V2Free]: 系统无法接受您的验证结果，请完成非机器人验证。如果看不到非机器人验证按钮，请先翻墙再刷新页面。
2024-12-11 09:26:04,841	INFO	[V2Free]: 系统无法接受您的验证结果，请完成非机器人验证。如果看不到非机器人验证按钮，请先翻墙再刷新页面。
2024-12-12 09:26:14,151	INFO	[V2Free]: 系统无法接受您的验证结果，请完成非机器人验证。如果看不到非机器人验证按钮，请先翻墙再刷新页面。
2024-12-13 09:25:42,815	INFO	[V2Free]: 系统无法接受您的验证结果，请完成非机器人验证。如果看不到非机器人验证按钮，请先翻墙再刷新页面。
2024-12-14 09:22:35,722	INFO	[V2Free]: 系统无法接受您的验证结果，请完成非机器人验证。如果看不到非机器人验证按钮，请先翻墙再刷新页面。
2024-12-15 09:23:02,269	INFO	[V2Free]: 系统无法接受您的验证结果，请完成非机器人验证。如果看不到非机器人验证按钮，请先翻墙再刷新页面。
2024-12-16 09:27:14,445	INFO	[V2Free]: 系统无法接受您的验证结果，请完成非机器人验证。如果看不到非机器人验证按钮，请先翻墙再刷新页面。
2024-12-17 09:26:29,960	INFO	[V2Free]: 系统无法接受您的验证结果，请完成非机器人验证。如果看不到非机器人验证按钮，请先翻墙再刷新页面。
2024-12-18 09:25:03,523	INFO	[V2Free]: 系统无法接受您的验证结果，请完成非机器人验证。如果看不到非机器人验证按钮，请先翻墙再刷新页面。
2024-12-19 09:25:18,526	INFO	[V2Free]: 系统无法接受您的验证结果，请完成非机器人验证。如果看不到非机器人验证按钮，请先翻墙再刷新页面。
2024-12-20 09:23:09,983	INFO	[V2Free]: 系统无法接受您的验证结果，请完成非机器人验证。如果看不到非机器人验证按钮，请先翻墙再刷新页面。
2024-12-21 09:20:26,857	INFO	[V2Free]: 系统无法接受您的验证结果，请完成非机器人验证。如果看不到非机器人验证按钮，请先翻墙再刷新页面。
2024-12-22 09:20:35,324	INFO	[V2Free]: 系统无法接受您的验证结果，请完成非机器人验证。如果看不到非机器人验证按钮，请先翻墙再刷新页面。
2024-12-23 09:23:59,431	INFO	[V2Free]: 系统无法接受您的验证结果，请完成非机器人验证。如果看不到非机器人验证按钮，请先翻墙再刷新页面。
2024-12-25 09:22:40,120	INFO	[V2Free]: 系统无法接受您的验证结果，请完成非机器人验证。如果看不到非机器人验证按钮，请先翻墙再刷新页面。
2024-12-26 09:22:45,517	INFO	[V2Free]: 系统无法接受您的验证结果，请完成非机器人验证。如果看不到非机器人验证按钮，请先翻墙再刷新页面。
2024-12-28 09:20:57,951	INFO	[V2Free]: 系统无法接受您的验证结果，请完成非机器人验证。如果看不到非机器人验证按钮，请先翻墙再刷新页面。
2024-12-29 09:20:28,778	INFO	[V2Free]: 系统无法接受您的验证结果，请完成非机器人验证。如果看不到非机器人验证按钮，请先翻墙再刷新页面。
2024-12-30 09:23:54,034	INFO	[V2Free]: 系统无法接受您的验证结果，请完成非机器人验证。如果看不到非机器人验证按钮，请先翻墙再刷新页面。
2024-12-31 09:22:19,487	INFO	[V2Free]: 系统无法接受您的验证结果，请完成非机器人验证。如果看不到非机器人验证按钮，请先翻墙再刷新页面。
2025-01-01 09:22:44,960	INFO	[V2Free]: 系统无法接受您的验证结果，请完成非机器人验证。如果看不到非机器人验证按钮，请先翻墙再刷新页面。
2025-01-02 09:23:13,196	INFO	[V2Free]: 系统无法接受您的验证结果，请完成非机器人验证。如果看不到非机器人验证按钮，请先翻墙再刷新页面。
2025-01-03 09:23:03,847	INFO	[V2Free]: 系统无法接受您的验证结果，请完成非机器人验证。如果看不到非机器人验证按钮，请先翻墙再刷新页面。
2025-01-04 09:20:59,343	INFO	[V2Free]: 系统无法接受您的验证结果，请完成非机器人验证。如果看不到非机器人验证按钮，请先翻墙再刷新页面。
2025-01-05 09:20:57,259	INFO	[V2Free]: 系统无法接受您的验证结果，请完成非机器人验证。如果看不到非机器人验证按钮，请先翻墙再刷新页面。
2025-01-07 09:24:18,852	INFO	[V2Free]: 系统无法接受您的验证结果，请完成非机器人验证。如果看不到非机器人验证按钮，请先翻墙再刷新页面。
2025-01-08 09:23:40,228	INFO	[V2Free]: 系统无法接受您的验证结果，请完成非机器人验证。如果看不到非机器人验证按钮，请先翻墙再刷新页面。
2025-01-09 09:23:30,693	INFO	[V2Free]: 系统无法接受您的验证结果，请完成非机器人验证。如果看不到非机器人验证按钮，请先翻墙再刷新页面。
2025-01-10 09:23:54,246	INFO	[V2Free]: 系统无法接受您的验证结果，请完成非机器人验证。如果看不到非机器人验证按钮，请先翻墙再刷新页面。
2025-01-11 09:21:03,982	INFO	[V2Free]: 系统无法接受您的验证结果，请完成非机器人验证。如果看不到非机器人验证按钮，请先翻墙再刷新页面。
2025-01-12 09:20:46,176	INFO	[V2Free]: 系统无法接受您的验证结果，请完成非机器人验证。如果看不到非机器人验证按钮，请先翻墙再刷新页面。
2025-01-13 09:25:17,445	INFO	[V2Free]: 系统无法接受您的验证结果，请完成非机器人验证。如果看不到非机器人验证按钮，请先翻墙再刷新页面。
2025-01-14 09:22:48,832	INFO	[V2Free]: 系统无法接受您的验证结果，请完成非机器人验证。如果看不到非机器人验证按钮，请先翻墙再刷新页面。
2025-01-15 09:22:37,560	INFO	[V2Free]: 系统无法接受您的验证结果，请完成非机器人验证。如果看不到非机器人验证按钮，请先翻墙再刷新页面。
2025-01-17 09:22:23,435	INFO	[V2Free]: 系统无法接受您的验证结果，请完成非机器人验证。如果看不到非机器人验证按钮，请先翻墙再刷新页面。
2025-01-18 09:19:58,057	INFO	[V2Free]: 系统无法接受您的验证结果，请完成非机器人验证。如果看不到非机器人验证按钮，请先翻墙再刷新页面。
2025-01-19 09:20:11,323	INFO	[V2Free]: 系统无法接受您的验证结果，请完成非机器人验证。如果看不到非机器人验证按钮，请先翻墙再刷新页面。
2025-01-20 09:24:11,567	INFO	[V2Free]: 系统无法接受您的验证结果，请完成非机器人验证。如果看不到非机器人验证按钮，请先翻墙再刷新页面。
2025-01-21 09:23:23,959	INFO	[V2Free]: 系统无法接受您的验证结果，请完成非机器人验证。如果看不到非机器人验证按钮，请先翻墙再刷新页面。
2025-01-22 09:23:18,234	INFO	[V2Free]: 系统无法接受您的验证结果，请完成非机器人验证。如果看不到非机器人验证按钮，请先翻墙再刷新页面。
2025-01-23 09:23:09,213	INFO	[V2Free]: 系统无法接受您的验证结果，请完成非机器人验证。如果看不到非机器人验证按钮，请先翻墙再刷新页面。
2025-01-24 09:22:57,794	INFO	[V2Free]: 系统无法接受您的验证结果，请完成非机器人验证。如果看不到非机器人验证按钮，请先翻墙再刷新页面。
2025-01-25 09:20:56,564	INFO	[V2Free]: 系统无法接受您的验证结果，请完成非机器人验证。如果看不到非机器人验证按钮，请先翻墙再刷新页面。
2025-01-26 09:20:49,967	INFO	[V2Free]: 系统无法接受您的验证结果，请完成非机器人验证。如果看不到非机器人验证按钮，请先翻墙再刷新页面。
2025-01-27 09:24:22,804	INFO	[V2Free]: 系统无法接受您的验证结果，请完成非机器人验证。如果看不到非机器人验证按钮，请先翻墙再刷新页面。
2025-01-28 09:22:53,048	INFO	[V2Free]: 系统无法接受您的验证结果，请完成非机器人验证。如果看不到非机器人验证按钮，请先翻墙再刷新页面。
2025-01-29 09:22:35,703	INFO	[V2Free]: 系统无法接受您的验证结果，请完成非机器人验证。如果看不到非机器人验证按钮，请先翻墙再刷新页面。
2025-01-30 09:22:32,922	INFO	[V2Free]: 系统无法接受您的验证结果，请完成非机器人验证。如果看不到非机器人验证按钮，请先翻墙再刷新页面。
2025-01-31 09:22:42,900	INFO	[V2Free]: 系统无法接受您的验证结果，请完成非机器人验证。如果看不到非机器人验证按钮，请先翻墙再刷新页面。
2025-02-01 09:22:09,280	INFO	[V2Free]: 系统无法接受您的验证结果，请完成非机器人验证。如果看不到非机器人验证按钮，请先翻墙再刷新页面。
2025-02-02 09:19:51,361	INFO	[V2Free]: 系统无法接受您的验证结果，请完成非机器人验证。如果看不到非机器人验证按钮，请先翻墙再刷新页面。
2025-02-03 09:24:31,312	INFO	[V2Free]: 系统无法接受您的验证结果，请完成非机器人验证。如果看不到非机器人验证按钮，请先翻墙再刷新页面。
2025-02-04 09:23:04,801	INFO	[V2Free]: 系统无法接受您的验证结果，请完成非机器人验证。如果看不到非机器人验证按钮，请先翻墙再刷新页面。
2025-02-05 09:24:08,909	INFO	[V2Free]: 系统无法接受您的验证结果，请完成非机器人验证。如果看不到非机器人验证按钮，请先翻墙再刷新页面。
2025-02-06 09:23:32,970	INFO	[V2Free]: 系统无法接受您的验证结果，请完成非机器人验证。如果看不到非机器人验证按钮，请先翻墙再刷新页面。
2025-02-07 09:23:01,191	INFO	[V2Free]: 系统无法接受您的验证结果，请完成非机器人验证。如果看不到非机器人验证按钮，请先翻墙再刷新页面。
2025-02-08 09:20:09,378	INFO	[V2Free]: 系统无法接受您的验证结果，请完成非机器人验证。如果看不到非机器人验证按钮，请先翻墙再刷新页面。
2025-02-09 09:19:58,410	INFO	[V2Free]: 系统无法接受您的验证结果，请完成非机器人验证。如果看不到非机器人验证按钮，请先翻墙再刷新页面。
2025-02-10 09:24:46,800	INFO	[V2Free]: 系统无法接受您的验证结果，请完成非机器人验证。如果看不到非机器人验证按钮，请先翻墙再刷新页面。
2025-02-11 09:23:42,825	INFO	[V2Free]: 系统无法接受您的验证结果，请完成非机器人验证。如果看不到非机器人验证按钮，请先翻墙再刷新页面。
2025-02-12 09:23:32,688	INFO	[V2Free]: 系统无法接受您的验证结果，请完成非机器人验证。如果看不到非机器人验证按钮，请先翻墙再刷新页面。
2025-02-13 09:24:02,602	INFO	[V2Free]: 系统无法接受您的验证结果，请完成非机器人验证。如果看不到非机器人验证按钮，请先翻墙再刷新页面。
2025-02-14 09:23:11,941	INFO	[V2Free]: 系统无法接受您的验证结果，请完成非机器人验证。如果看不到非机器人验证按钮，请先翻墙再刷新页面。
2025-02-15 09:22:37,110	INFO	[V2Free]: 系统无法接受您的验证结果，请完成非机器人验证。如果看不到非机器人验证按钮，请先翻墙再刷新页面。
2025-02-16 09:20:31,424	INFO	[V2Free]: 系统无法接受您的验证结果，请完成非机器人验证。如果看不到非机器人验证按钮，请先翻墙再刷新页面。
2025-02-17 09:25:35,929	INFO	[V2Free]: 系统无法接受您的验证结果，请完成非机器人验证。如果看不到非机器人验证按钮，请先翻墙再刷新页面。
2025-02-18 09:23:59,804	INFO	[V2Free]: 系统无法接受您的验证结果，请完成非机器人验证。如果看不到非机器人验证按钮，请先翻墙再刷新页面。
2025-02-19 09:23:53,408	INFO	[V2Free]: 系统无法接受您的验证结果，请完成非机器人验证。如果看不到非机器人验证按钮，请先翻墙再刷新页面。
2025-02-20 09:24:03,166	INFO	[V2Free]: 系统无法接受您的验证结果，请完成非机器人验证。如果看不到非机器人验证按钮，请先翻墙再刷新页面。
2025-02-21 06:45:01,843	INFO	[V2Free]: 系统无法接受您的验证结果，请完成非机器人验证。如果看不到非机器人验证按钮，请先翻墙再刷新页面。
2025-02-22 09:22:00,358	INFO	[V2Free]: 系统无法接受您的验证结果，请完成非机器人验证。如果看不到非机器人验证按钮，请先翻墙再刷新页面。
2025-02-23 09:22:03,791	INFO	[V2Free]: 系统无法接受您的验证结果，请完成非机器人验证。如果看不到非机器人验证按钮，请先翻墙再刷新页面。
2025-02-24 09:25:30,114	INFO	[V2Free]: 系统无法接受您的验证结果，请完成非机器人验证。如果看不到非机器人验证按钮，请先翻墙再刷新页面。
2025-02-25 09:24:58,014	INFO	[V2Free]: 系统无法接受您的验证结果，请完成非机器人验证。如果看不到非机器人验证按钮，请先翻墙再刷新页面。
2025-02-26 09:24:51,602	INFO	[V2Free]: 系统无法接受您的验证结果，请完成非机器人验证。如果看不到非机器人验证按钮，请先翻墙再刷新页面。
2025-02-28 09:24:26,702	INFO	[V2Free]: 系统无法接受您的验证结果，请完成非机器人验证。如果看不到非机器人验证按钮，请先翻墙再刷新页面。
2025-03-02 09:23:00,600	INFO	[V2Free]: 系统无法接受您的验证结果，请完成非机器人验证。如果看不到非机器人验证按钮，请先翻墙再刷新页面。
2025-03-04 09:25:07,839	INFO	[V2Free]: 系统无法接受您的验证结果，请完成非机器人验证。如果看不到非机器人验证按钮，请先翻墙再刷新页面。
2025-03-05 09:25:29,309	INFO	[V2Free]: 系统无法接受您的验证结果，请完成非机器人验证。如果看不到非机器人验证按钮，请先翻墙再刷新页面。
2025-03-06 09:25:01,977	INFO	[V2Free]: 系统无法接受您的验证结果，请完成非机器人验证。如果看不到非机器人验证按钮，请先翻墙再刷新页面。
2025-03-07 09:24:23,690	INFO	[V2Free]: 系统无法接受您的验证结果，请完成非机器人验证。如果看不到非机器人验证按钮，请先翻墙再刷新页面。
2025-03-09 09:18:44,280	INFO	[V2Free]: 系统无法接受您的验证结果，请完成非机器人验证。如果看不到非机器人验证按钮，请先翻墙再刷新页面。
2025-03-10 09:21:22,549	INFO	[V2Free]: 系统无法接受您的验证结果，请完成非机器人验证。如果看不到非机器人验证按钮，请先翻墙再刷新页面。
2025-03-12 09:25:30,002	INFO	[V2Free]: 系统无法接受您的验证结果，请完成非机器人验证。如果看不到非机器人验证按钮，请先翻墙再刷新页面。
2025-03-13 09:25:11,427	INFO	[V2Free]: 系统无法接受您的验证结果，请完成非机器人验证。如果看不到非机器人验证按钮，请先翻墙再刷新页面。
2025-03-14 09:24:55,386	INFO	[V2Free]: 系统无法接受您的验证结果，请完成非机器人验证。如果看不到非机器人验证按钮，请先翻墙再刷新页面。
2025-03-16 09:21:42,543	INFO	[V2Free]: 系统无法接受您的验证结果，请完成非机器人验证。如果看不到非机器人验证按钮，请先翻墙再刷新页面。
2025-03-17 09:26:46,797	INFO	[V2Free]: 系统无法接受您的验证结果，请完成非机器人验证。如果看不到非机器人验证按钮，请先翻墙再刷新页面。
2025-03-18 09:26:18,768	INFO	[V2Free]: 系统无法接受您的验证结果，请完成非机器人验证。如果看不到非机器人验证按钮，请先翻墙再刷新页面。
2025-03-19 09:27:36,301	INFO	[V2Free]: 系统无法接受您的验证结果，请完成非机器人验证。如果看不到非机器人验证按钮，请先翻墙再刷新页面。
2025-03-20 09:25:44,756	INFO	[V2Free]: 系统无法接受您的验证结果，请完成非机器人验证。如果看不到非机器人验证按钮，请先翻墙再刷新页面。
2025-03-22 09:23:13,590	INFO	[V2Free]: 系统无法接受您的验证结果，请完成非机器人验证。如果看不到非机器人验证按钮，请先翻墙再刷新页面。
2025-03-23 09:21:56,235	INFO	[V2Free]: 系统无法接受您的验证结果，请完成非机器人验证。如果看不到非机器人验证按钮，请先翻墙再刷新页面。
2025-03-24 09:26:46,887	INFO	[V2Free]: 系统无法接受您的验证结果，请完成非机器人验证。如果看不到非机器人验证按钮，请先翻墙再刷新页面。
2025-03-25 09:26:15,446	INFO	[V2Free]: 系统无法接受您的验证结果，请完成非机器人验证。如果看不到非机器人验证按钮，请先翻墙再刷新页面。
2025-03-26 09:26:22,341	INFO	[V2Free]: 系统无法接受您的验证结果，请完成非机器人验证。如果看不到非机器人验证按钮，请先翻墙再刷新页面。
2025-03-28 09:26:39,339	INFO	[V2Free]: 系统无法接受您的验证结果，请完成非机器人验证。如果看不到非机器人验证按钮，请先翻墙再刷新页面。
2025-03-29 09:23:21,305	INFO	[V2Free]: 系统无法接受您的验证结果，请完成非机器人验证。如果看不到非机器人验证按钮，请先翻墙再刷新页面。
2025-03-30 09:22:20,954	INFO	[V2Free]: 系统无法接受您的验证结果，请完成非机器人验证。如果看不到非机器人验证按钮，请先翻墙再刷新页面。
2025-03-31 09:27:17,709	INFO	[V2Free]: 系统无法接受您的验证结果，请完成非机器人验证。如果看不到非机器人验证按钮，请先翻墙再刷新页面。
2025-04-01 09:27:08,572	INFO	[V2Free]: 系统无法接受您的验证结果，请完成非机器人验证。如果看不到非机器人验证按钮，请先翻墙再刷新页面。
2025-04-02 09:27:09,564	INFO	[V2Free]: 系统无法接受您的验证结果，请完成非机器人验证。如果看不到非机器人验证按钮，请先翻墙再刷新页面。
2025-04-03 09:26:05,117	INFO	[V2Free]: 系统无法接受您的验证结果，请完成非机器人验证。如果看不到非机器人验证按钮，请先翻墙再刷新页面。
2025-04-04 09:25:44,480	INFO	[V2Free]: 系统无法接受您的验证结果，请完成非机器人验证。如果看不到非机器人验证按钮，请先翻墙再刷新页面。
2025-04-05 09:22:25,284	INFO	[V2Free]: 系统无法接受您的验证结果，请完成非机器人验证。如果看不到非机器人验证按钮，请先翻墙再刷新页面。
2025-04-06 09:23:05,143	INFO	[V2Free]: 系统无法接受您的验证结果，请完成非机器人验证。如果看不到非机器人验证按钮，请先翻墙再刷新页面。
2025-04-07 09:27:14,224	INFO	[V2Free]: 系统无法接受您的验证结果，请完成非机器人验证。如果看不到非机器人验证按钮，请先翻墙再刷新页面。
2025-04-09 09:27:52,723	INFO	[V2Free]: 系统无法接受您的验证结果，请完成非机器人验证。如果看不到非机器人验证按钮，请先翻墙再刷新页面。
2025-04-10 09:26:08,701	INFO	[V2Free]: 系统无法接受您的验证结果，请完成非机器人验证。如果看不到非机器人验证按钮，请先翻墙再刷新页面。
2025-04-11 09:26:05,992	INFO	[V2Free]: 系统无法接受您的验证结果，请完成非机器人验证。如果看不到非机器人验证按钮，请先翻墙再刷新页面。
2025-04-12 09:24:43,609	INFO	[V2Free]: 系统无法接受您的验证结果，请完成非机器人验证。如果看不到非机器人验证按钮，请先翻墙再刷新页面。
2025-04-13 09:24:42,872	INFO	[V2Free]: 系统无法接受您的验证结果，请完成非机器人验证。如果看不到非机器人验证按钮，请先翻墙再刷新页面。
2025-04-14 09:27:54,850	INFO	[V2Free]: 系统无法接受您的验证结果，请完成非机器人验证。如果看不到非机器人验证按钮，请先翻墙再刷新页面。
2025-04-15 09:27:17,405	INFO	[V2Free]: 系统无法接受您的验证结果，请完成非机器人验证。如果看不到非机器人验证按钮，请先翻墙再刷新页面。
2025-04-16 09:27:13,202	INFO	[V2Free]: 系统无法接受您的验证结果，请完成非机器人验证。如果看不到非机器人验证按钮，请先翻墙再刷新页面。
2025-04-17 09:26:59,315	INFO	[V2Free]: 系统无法接受您的验证结果，请完成非机器人验证。如果看不到非机器人验证按钮，请先翻墙再刷新页面。
2025-04-18 09:26:33,540	INFO	[V2Free]: 系统无法接受您的验证结果，请完成非机器人验证。如果看不到非机器人验证按钮，请先翻墙再刷新页面。
2025-04-19 09:22:39,691	INFO	[V2Free]: 系统无法接受您的验证结果，请完成非机器人验证。如果看不到非机器人验证按钮，请先翻墙再刷新页面。
2025-04-20 09:22:51,991	INFO	[V2Free]: 系统无法接受您的验证结果，请完成非机器人验证。如果看不到非机器人验证按钮，请先翻墙再刷新页面。
2025-04-21 09:26:36,421	INFO	[V2Free]: 系统无法接受您的验证结果，请完成非机器人验证。如果看不到非机器人验证按钮，请先翻墙再刷新页面。
2025-04-22 09:26:44,134	INFO	[V2Free]: 系统无法接受您的验证结果，请完成非机器人验证。如果看不到非机器人验证按钮，请先翻墙再刷新页面。
2025-04-23 09:27:19,476	INFO	[V2Free]: 系统无法接受您的验证结果，请完成非机器人验证。如果看不到非机器人验证按钮，请先翻墙再刷新页面。
2025-04-24 09:27:03,287	INFO	[V2Free]: 系统无法接受您的验证结果，请完成非机器人验证。如果看不到非机器人验证按钮，请先翻墙再刷新页面。
2025-04-25 09:26:21,347	INFO	[V2Free]: 系统无法接受您的验证结果，请完成非机器人验证。如果看不到非机器人验证按钮，请先翻墙再刷新页面。
2025-04-26 09:23:35,075	INFO	[V2Free]: 系统无法接受您的验证结果，请完成非机器人验证。如果看不到非机器人验证按钮，请先翻墙再刷新页面。
2025-04-27 09:23:30,221	INFO	[V2Free]: 系统无法接受您的验证结果，请完成非机器人验证。如果看不到非机器人验证按钮，请先翻墙再刷新页面。
2025-04-28 10:52:31,076	INFO	[V2Free]: 系统无法接受您的验证结果，请完成非机器人验证。如果看不到非机器人验证按钮，请先翻墙再刷新页面。
2025-04-30 09:26:59,729	INFO	[V2Free]: 系统无法接受您的验证结果，请完成非机器人验证。如果看不到非机器人验证按钮，请先翻墙再刷新页面。
2025-05-01 09:26:18,155	INFO	[V2Free]: 系统无法接受您的验证结果，请完成非机器人验证。如果看不到非机器人验证按钮，请先翻墙再刷新页面。
2025-05-02 09:26:05,872	INFO	[V2Free]: 系统无法接受您的验证结果，请完成非机器人验证。如果看不到非机器人验证按钮，请先翻墙再刷新页面。
2025-05-04 09:23:53,390	INFO	[V2Free]: 系统无法接受您的验证结果，请完成非机器人验证。如果看不到非机器人验证按钮，请先翻墙再刷新页面。
2025-05-05 09:27:21,865	INFO	[V2Free]: 系统无法接受您的验证结果，请完成非机器人验证。如果看不到非机器人验证按钮，请先翻墙再刷新页面。
2025-05-06 09:27:22,092	INFO	[V2Free]: 系统无法接受您的验证结果，请完成非机器人验证。如果看不到非机器人验证按钮，请先翻墙再刷新页面。
2025-05-07 09:28:07,691	INFO	[V2Free]: 系统无法接受您的验证结果，请完成非机器人验证。如果看不到非机器人验证按钮，请先翻墙再刷新页面。
2025-05-09 09:26:46,679	INFO	[V2Free]: 系统无法接受您的验证结果，请完成非机器人验证。如果看不到非机器人验证按钮，请先翻墙再刷新页面。
2025-05-10 09:23:06,860	INFO	[V2Free]: 系统无法接受您的验证结果，请完成非机器人验证。如果看不到非机器人验证按钮，请先翻墙再刷新页面。
2025-05-11 09:24:01,072	INFO	[V2Free]: 系统无法接受您的验证结果，请完成非机器人验证。如果看不到非机器人验证按钮，请先翻墙再刷新页面。
2025-05-13 09:27:57,290	INFO	[V2Free]: 系统无法接受您的验证结果，请完成非机器人验证。如果看不到非机器人验证按钮，请先翻墙再刷新页面。
2025-05-14 09:27:19,758	INFO	[V2Free]: 系统无法接受您的验证结果，请完成非机器人验证。如果看不到非机器人验证按钮，请先翻墙再刷新页面。
2025-05-16 09:27:08,131	INFO	[V2Free]: 系统无法接受您的验证结果，请完成非机器人验证。如果看不到非机器人验证按钮，请先翻墙再刷新页面。
2025-05-17 09:24:09,116	INFO	[V2Free]: 系统无法接受您的验证结果，请完成非机器人验证。如果看不到非机器人验证按钮，请先翻墙再刷新页面。
2025-05-18 09:23:42,883	INFO	[V2Free]: 系统无法接受您的验证结果，请完成非机器人验证。如果看不到非机器人验证按钮，请先翻墙再刷新页面。
2025-05-19 09:29:07,127	INFO	[V2Free]: 系统无法接受您的验证结果，请完成非机器人验证。如果看不到非机器人验证按钮，请先翻墙再刷新页面。
2025-05-20 09:27:59,799	INFO	[V2Free]: 系统无法接受您的验证结果，请完成非机器人验证。如果看不到非机器人验证按钮，请先翻墙再刷新页面。
2025-05-21 09:28:20,482	INFO	[V2Free]: 系统无法接受您的验证结果，请完成非机器人验证。如果看不到非机器人验证按钮，请先翻墙再刷新页面。
2025-05-22 09:27:58,939	INFO	[V2Free]: 系统无法接受您的验证结果，请完成非机器人验证。如果看不到非机器人验证按钮，请先翻墙再刷新页面。
2025-05-23 09:27:48,938	INFO	[V2Free]: 系统无法接受您的验证结果，请完成非机器人验证。如果看不到非机器人验证按钮，请先翻墙再刷新页面。
2025-05-24 09:23:47,095	INFO	[V2Free]: 系统无法接受您的验证结果，请完成非机器人验证。如果看不到非机器人验证按钮，请先翻墙再刷新页面。
2025-05-25 09:23:40,793	INFO	[V2Free]: 系统无法接受您的验证结果，请完成非机器人验证。如果看不到非机器人验证按钮，请先翻墙再刷新页面。
2025-05-26 09:51:09,245	INFO	[V2Free]: 系统无法接受您的验证结果，请完成非机器人验证。如果看不到非机器人验证按钮，请先翻墙再刷新页面。
2025-05-27 09:27:10,736	INFO	[V2Free]: 系统无法接受您的验证结果，请完成非机器人验证。如果看不到非机器人验证按钮，请先翻墙再刷新页面。
2025-05-28 09:28:14,838	INFO	[V2Free]: 系统无法接受您的验证结果，请完成非机器人验证。如果看不到非机器人验证按钮，请先翻墙再刷新页面。
2025-05-29 09:27:48,267	INFO	[V2Free]: 系统无法接受您的验证结果，请完成非机器人验证。如果看不到非机器人验证按钮，请先翻墙再刷新页面。
2025-05-30 09:27:03,976	INFO	[V2Free]: 系统无法接受您的验证结果，请完成非机器人验证。如果看不到非机器人验证按钮，请先翻墙再刷新页面。
2025-05-31 09:24:42,318	INFO	[V2Free]: 系统无法接受您的验证结果，请完成非机器人验证。如果看不到非机器人验证按钮，请先翻墙再刷新页面。
2025-06-01 09:25:20,306	INFO	[V2Free]: 系统无法接受您的验证结果，请完成非机器人验证。如果看不到非机器人验证按钮，请先翻墙再刷新页面。
2025-06-02 09:28:39,582	INFO	[V2Free]: 系统无法接受您的验证结果，请完成非机器人验证。如果看不到非机器人验证按钮，请先翻墙再刷新页面。
2025-06-03 09:28:17,442	INFO	[V2Free]: 系统无法接受您的验证结果，请完成非机器人验证。如果看不到非机器人验证按钮，请先翻墙再刷新页面。
2025-06-04 09:28:22,696	INFO	[V2Free]: 系统无法接受您的验证结果，请完成非机器人验证。如果看不到非机器人验证按钮，请先翻墙再刷新页面。
2025-06-05 09:28:01,132	INFO	[V2Free]: 系统无法接受您的验证结果，请完成非机器人验证。如果看不到非机器人验证按钮，请先翻墙再刷新页面。
2025-06-06 09:27:37,361	INFO	[V2Free]: 系统无法接受您的验证结果，请完成非机器人验证。如果看不到非机器人验证按钮，请先翻墙再刷新页面。
2025-06-07 09:24:35,522	INFO	[V2Free]: 系统无法接受您的验证结果，请完成非机器人验证。如果看不到非机器人验证按钮，请先翻墙再刷新页面。
2025-06-08 09:25:05,410	INFO	[V2Free]: 系统无法接受您的验证结果，请完成非机器人验证。如果看不到非机器人验证按钮，请先翻墙再刷新页面。
2025-06-09 09:28:55,706	INFO	[V2Free]: 系统无法接受您的验证结果，请完成非机器人验证。如果看不到非机器人验证按钮，请先翻墙再刷新页面。
2025-06-10 09:28:24,077	INFO	[V2Free]: 系统无法接受您的验证结果，请完成非机器人验证。如果看不到非机器人验证按钮，请先翻墙再刷新页面。
2025-06-11 09:28:37,686	INFO	[V2Free]: 系统无法接受您的验证结果，请完成非机器人验证。如果看不到非机器人验证按钮，请先翻墙再刷新页面。
2025-06-12 09:27:48,398	INFO	[V2Free]: 系统无法接受您的验证结果，请完成非机器人验证。如果看不到非机器人验证按钮，请先翻墙再刷新页面。
2025-06-13 09:27:56,926	INFO	[V2Free]: 系统无法接受您的验证结果，请完成非机器人验证。如果看不到非机器人验证按钮，请先翻墙再刷新页面。
2025-06-14 09:26:22,409	INFO	[V2Free]: 系统无法接受您的验证结果，请完成非机器人验证。如果看不到非机器人验证按钮，请先翻墙再刷新页面。
2025-06-15 09:25:22,910	INFO	[V2Free]: 系统无法接受您的验证结果，请完成非机器人验证。如果看不到非机器人验证按钮，请先翻墙再刷新页面。
2025-06-16 09:29:55,315	INFO	[V2Free]: 系统无法接受您的验证结果，请完成非机器人验证。如果看不到非机器人验证按钮，请先翻墙再刷新页面。
2025-06-17 09:28:54,019	INFO	[V2Free]: 系统无法接受您的验证结果，请完成非机器人验证。如果看不到非机器人验证按钮，请先翻墙再刷新页面。
2025-06-19 09:28:20,906	INFO	[V2Free]: 系统无法接受您的验证结果，请完成非机器人验证。如果看不到非机器人验证按钮，请先翻墙再刷新页面。
2025-06-21 09:26:19,234	INFO	[V2Free]: 系统无法接受您的验证结果，请完成非机器人验证。如果看不到非机器人验证按钮，请先翻墙再刷新页面。
2025-06-22 09:25:37,866	INFO	[V2Free]: 系统无法接受您的验证结果，请完成非机器人验证。如果看不到非机器人验证按钮，请先翻墙再刷新页面。
2025-06-23 09:30:19,533	INFO	[V2Free]: 系统无法接受您的验证结果，请完成非机器人验证。如果看不到非机器人验证按钮，请先翻墙再刷新页面。
2025-06-24 09:29:21,092	INFO	[V2Free]: 系统无法接受您的验证结果，请完成非机器人验证。如果看不到非机器人验证按钮，请先翻墙再刷新页面。
2025-06-25 09:30:30,347	INFO	[V2Free]: 系统无法接受您的验证结果，请完成非机器人验证。如果看不到非机器人验证按钮，请先翻墙再刷新页面。
2025-06-26 09:28:54,282	INFO	[V2Free]: 系统无法接受您的验证结果，请完成非机器人验证。如果看不到非机器人验证按钮，请先翻墙再刷新页面。
2025-06-27 09:27:47,201	INFO	[V2Free]: 系统无法接受您的验证结果，请完成非机器人验证。如果看不到非机器人验证按钮，请先翻墙再刷新页面。
2025-06-28 09:27:45,212	INFO	[V2Free]: 系统无法接受您的验证结果，请完成非机器人验证。如果看不到非机器人验证按钮，请先翻墙再刷新页面。
2025-06-29 09:25:29,024	INFO	[V2Free]: 系统无法接受您的验证结果，请完成非机器人验证。如果看不到非机器人验证按钮，请先翻墙再刷新页面。
2025-06-30 09:30:32,218	INFO	[V2Free]: 系统无法接受您的验证结果，请完成非机器人验证。如果看不到非机器人验证按钮，请先翻墙再刷新页面。
2025-07-13 09:28:33,650	INFO	[V2Free]: 系统无法接受您的验证结果，请完成非机器人验证。如果看不到非机器人验证按钮，请先翻墙再刷新页面。
2025-07-14 09:35:18,311	INFO	[V2Free]: 系统无法接受您的验证结果，请完成非机器人验证。如果看不到非机器人验证按钮，请先翻墙再刷新页面。
2025-07-15 09:34:38,340	INFO	[V2Free]: 系统无法接受您的验证结果，请完成非机器人验证。如果看不到非机器人验证按钮，请先翻墙再刷新页面。
2025-07-16 09:33:00,162	INFO	[V2Free]: 系统无法接受您的验证结果，请完成非机器人验证。如果看不到非机器人验证按钮，请先翻墙再刷新页面。
2025-07-17 09:31:55,022	INFO	[V2Free]: 系统无法接受您的验证结果，请完成非机器人验证。如果看不到非机器人验证按钮，请先翻墙再刷新页面。
2025-07-18 09:31:41,226	INFO	[V2Free]: 系统无法接受您的验证结果，请完成非机器人验证。如果看不到非机器人验证按钮，请先翻墙再刷新页面。
2025-07-19 09:27:03,621	INFO	[V2Free]: 系统无法接受您的验证结果，请完成非机器人验证。如果看不到非机器人验证按钮，请先翻墙再刷新页面。
2025-07-20 09:26:55,753	INFO	[V2Free]: 系统无法接受您的验证结果，请完成非机器人验证。如果看不到非机器人验证按钮，请先翻墙再刷新页面。
2025-07-21 09:35:37,910	INFO	[V2Free]: 系统无法接受您的验证结果，请完成非机器人验证。如果看不到非机器人验证按钮，请先翻墙再刷新页面。
2025-07-22 09:32:57,456	INFO	[V2Free]: 系统无法接受您的验证结果，请完成非机器人验证。如果看不到非机器人验证按钮，请先翻墙再刷新页面。
2025-07-23 09:34:16,037	INFO	[V2Free]: 系统无法接受您的验证结果，请完成非机器人验证。如果看不到非机器人验证按钮，请先翻墙再刷新页面。
2025-07-24 09:32:30,087	INFO	[V2Free]: 系统无法接受您的验证结果，请完成非机器人验证。如果看不到非机器人验证按钮，请先翻墙再刷新页面。
2025-07-25 09:31:44,499	INFO	[V2Free]: 系统无法接受您的验证结果，请完成非机器人验证。如果看不到非机器人验证按钮，请先翻墙再刷新页面。
2025-07-26 09:27:11,170	INFO	[V2Free]: 系统无法接受您的验证结果，请完成非机器人验证。如果看不到非机器人验证按钮，请先翻墙再刷新页面。
2025-07-27 09:28:07,177	INFO	[V2Free]: 系统无法接受您的验证结果，请完成非机器人验证。如果看不到非机器人验证按钮，请先翻墙再刷新页面。
2025-07-28 09:35:19,181	INFO	[V2Free]: 系统无法接受您的验证结果，请完成非机器人验证。如果看不到非机器人验证按钮，请先翻墙再刷新页面。
2025-07-29 09:33:28,109	INFO	[V2Free]: 系统无法接受您的验证结果，请完成非机器人验证。如果看不到非机器人验证按钮，请先翻墙再刷新页面。
2025-07-30 09:35:16,429	INFO	[V2Free]: 系统无法接受您的验证结果，请完成非机器人验证。如果看不到非机器人验证按钮，请先翻墙再刷新页面。
2025-07-31 09:33:35,683	INFO	[V2Free]: 系统无法接受您的验证结果，请完成非机器人验证。如果看不到非机器人验证按钮，请先翻墙再刷新页面。
2025-08-01 09:33:52,341	INFO	[V2Free]: 系统无法接受您的验证结果，请完成非机器人验证。如果看不到非机器人验证按钮，请先翻墙再刷新页面。
2025-08-01 18:21:48,533	INFO	[V2Free]: 系统无法接受您的验证结果，请完成非机器人验证。如果看不到非机器人验证按钮，请先翻墙再刷新页面。
2025-08-03 09:27:39,562	INFO	[V2Free]: 系统无法接受您的验证结果，请完成非机器人验证。如果看不到非机器人验证按钮，请先翻墙再刷新页面。
2025-08-05 09:34:20,333	INFO	[V2Free]: 系统无法接受您的验证结果，请完成非机器人验证。如果看不到非机器人验证按钮，请先翻墙再刷新页面。
2025-08-06 09:35:11,496	INFO	[V2Free]: 系统无法接受您的验证结果，请完成非机器人验证。如果看不到非机器人验证按钮，请先翻墙再刷新页面。
2025-08-07 09:33:52,889	INFO	[V2Free]: 系统无法接受您的验证结果，请完成非机器人验证。如果看不到非机器人验证按钮，请先翻墙再刷新页面。
